Running algorithms: ['2kmodels (initial)', 'OpenEvolve_NoGeoKnow', 'OpenEvolve_SimpleGeoKnow', 'OpenEvolve_SpecificGeoKnow', 'GeoEvolve_NoRAG', 'GeoEvolve_StaticRAG', 'GeoEvolve_DynamicRAG']
  loaded 2kmodels (initial): initial_program.py
  loaded OpenEvolve_NoGeoKnow: best_program_openevolve_without_geo_know.py
  loaded OpenEvolve_SimpleGeoKnow: best_program_openevolve_with_simple_geo_know.py
  loaded OpenEvolve_SpecificGeoKnow: best_program_openevolve_with_specific_geo_know.py
  loaded GeoEvolve_NoRAG: best_program_geoevolve_without_rag.py
  loaded GeoEvolve_StaticRAG: best_program_geoevolve_static_rag.py
  loaded GeoEvolve_DynamicRAG: best_program_geoevolve_dynamic_rag.py
Resuming from: <path>\simulation_study\results\evolved_per_dataset.csv
Already-completed (algo,dataset) pairs: 21

=== 2kmodels (initial) ===
  Rectangular d=1: time=2.35s ssr=69.22 randi=0.892 nmi=0.760 mae=0.296
  Rectangular d=2: time=3.59s ssr=112.07 randi=0.952 nmi=0.845 mae=0.176
  Rectangular d=3: time=1.85s ssr=64.87 randi=0.941 nmi=0.845 mae=0.178
  Rectangular d=4: time=3.67s ssr=66.02 randi=0.829 nmi=0.621 mae=0.382
  Rectangular d=5: time=3.45s ssr=79.25 randi=0.934 nmi=0.799 mae=0.217
  Rectangular d=6: time=2.95s ssr=106.59 randi=0.846 nmi=0.673 mae=0.512
  Rectangular d=7: time=2.41s ssr=94.40 randi=0.960 nmi=0.871 mae=0.190
  Rectangular d=8: time=2.98s ssr=81.62 randi=0.920 nmi=0.796 mae=0.339
  Rectangular d=9: time=2.93s ssr=118.16 randi=0.866 nmi=0.711 mae=0.512
  Rectangular d=10: time=3.95s ssr=67.84 randi=0.866 nmi=0.749 mae=0.362
  Rectangular d=11: time=3.95s ssr=65.04 randi=0.929 nmi=0.793 mae=0.340
  Rectangular d=12: time=1.80s ssr=67.61 randi=0.942 nmi=0.812 mae=0.235
  Rectangular d=13: time=1.78s ssr=68.04 randi=0.968 nmi=0.899 mae=0.127
  Rectangular d=14: time=1.13s ssr=93.63 randi=0.911 nmi=0.760 mae=0.217
  Rectangular d=15: time=1.90s ssr=59.13 randi=0.970 nmi=0.890 mae=0.111
  Rectangular d=16: time=4.07s ssr=75.64 randi=0.897 nmi=0.734 mae=0.341
  Rectangular d=17: time=1.71s ssr=65.33 randi=0.978 nmi=0.925 mae=0.075
  Rectangular d=18: time=2.86s ssr=65.01 randi=0.935 nmi=0.812 mae=0.265
  Rectangular d=19: time=2.98s ssr=64.35 randi=0.909 nmi=0.815 mae=0.284
  Rectangular d=20: time=1.14s ssr=57.39 randi=0.960 nmi=0.881 mae=0.172
  Rectangular d=21: time=2.41s ssr=64.32 randi=0.946 nmi=0.852 mae=0.156
  Rectangular d=22: time=2.98s ssr=103.80 randi=0.954 nmi=0.857 mae=0.202
  Rectangular d=23: time=2.39s ssr=62.83 randi=0.961 nmi=0.874 mae=0.191
  Rectangular d=24: time=2.29s ssr=57.33 randi=0.901 nmi=0.753 mae=0.282
  Rectangular d=25: time=1.25s ssr=54.88 randi=0.969 nmi=0.899 mae=0.090
  Rectangular d=26: time=2.24s ssr=61.42 randi=0.973 nmi=0.905 mae=0.112
  Rectangular d=27: time=1.68s ssr=66.75 randi=0.975 nmi=0.916 mae=0.101
  Rectangular d=28: time=1.52s ssr=65.50 randi=0.975 nmi=0.913 mae=0.132
  Rectangular d=29: time=3.34s ssr=84.15 randi=0.824 nmi=0.672 mae=0.479
  Rectangular d=30: time=2.80s ssr=59.96 randi=0.879 nmi=0.698 mae=0.358
  Rectangular d=31: time=2.19s ssr=75.46 randi=0.922 nmi=0.787 mae=0.248
  Rectangular d=32: time=2.28s ssr=61.49 randi=0.956 nmi=0.850 mae=0.216
  Rectangular d=33: time=1.25s ssr=116.64 randi=0.896 nmi=0.796 mae=0.398
  Rectangular d=34: time=3.37s ssr=63.85 randi=0.930 nmi=0.795 mae=0.187
  Rectangular d=35: time=1.98s ssr=53.75 randi=0.927 nmi=0.816 mae=0.211
  Rectangular d=36: time=1.79s ssr=104.16 randi=0.853 nmi=0.720 mae=0.359
  Rectangular d=37: time=2.48s ssr=66.48 randi=0.922 nmi=0.784 mae=0.270
  Rectangular d=38: time=4.95s ssr=79.80 randi=0.960 nmi=0.870 mae=0.211
  Rectangular d=39: time=2.01s ssr=62.82 randi=0.925 nmi=0.797 mae=0.218
  Rectangular d=40: time=1.90s ssr=95.83 randi=0.894 nmi=0.809 mae=0.310
  Rectangular d=41: time=1.81s ssr=134.46 randi=0.921 nmi=0.817 mae=0.249
  Rectangular d=42: time=2.50s ssr=119.46 randi=0.924 nmi=0.815 mae=0.410
  Rectangular d=43: time=2.06s ssr=111.85 randi=0.895 nmi=0.790 mae=0.399
  Rectangular d=44: time=1.87s ssr=116.85 randi=0.873 nmi=0.720 mae=0.538
  Rectangular d=45: time=1.64s ssr=72.64 randi=0.966 nmi=0.891 mae=0.184
  Rectangular d=46: time=2.38s ssr=56.92 randi=0.978 nmi=0.919 mae=0.133
  Rectangular d=47: time=2.20s ssr=67.46 randi=0.944 nmi=0.815 mae=0.240
  Rectangular d=48: time=2.95s ssr=55.83 randi=0.942 nmi=0.816 mae=0.197
  Rectangular d=49: time=2.51s ssr=66.47 randi=0.972 nmi=0.899 mae=0.125
  Voronoi d=51: time=2.54s ssr=80.29 randi=0.966 nmi=0.873 mae=0.171
  Voronoi d=52: time=1.63s ssr=80.47 randi=0.944 nmi=0.829 mae=0.266
  Voronoi d=53: time=1.34s ssr=118.66 randi=0.963 nmi=0.861 mae=0.161
  Voronoi d=54: time=3.15s ssr=99.95 randi=0.922 nmi=0.810 mae=0.251
  Voronoi d=55: time=2.23s ssr=59.45 randi=0.948 nmi=0.838 mae=0.185
  Voronoi d=56: time=2.00s ssr=103.67 randi=0.914 nmi=0.820 mae=0.324
  Voronoi d=57: time=2.28s ssr=60.49 randi=0.967 nmi=0.884 mae=0.123
  Voronoi d=58: time=3.50s ssr=59.13 randi=0.963 nmi=0.885 mae=0.103
  Voronoi d=59: time=2.63s ssr=67.30 randi=0.949 nmi=0.853 mae=0.176
  Voronoi d=60: time=2.40s ssr=79.26 randi=0.958 nmi=0.881 mae=0.166
  Voronoi d=61: time=1.71s ssr=65.19 randi=0.978 nmi=0.906 mae=0.142
  Voronoi d=62: time=4.08s ssr=61.20 randi=0.955 nmi=0.847 mae=0.184
  Voronoi d=63: time=2.89s ssr=62.19 randi=0.968 nmi=0.880 mae=0.122
  Voronoi d=64: time=1.54s ssr=98.86 randi=0.915 nmi=0.751 mae=0.342
  Voronoi d=65: time=1.58s ssr=66.02 randi=0.978 nmi=0.911 mae=0.126
  Voronoi d=66: time=2.57s ssr=98.88 randi=0.936 nmi=0.802 mae=0.194
  Voronoi d=67: time=2.25s ssr=83.93 randi=0.963 nmi=0.889 mae=0.142
  Voronoi d=68: time=3.67s ssr=77.85 randi=0.930 nmi=0.802 mae=0.230
  Voronoi d=69: time=2.04s ssr=77.44 randi=0.956 nmi=0.857 mae=0.126
  Voronoi d=70: time=2.21s ssr=97.94 randi=0.884 nmi=0.738 mae=0.404
  Voronoi d=71: time=2.96s ssr=96.46 randi=0.768 nmi=0.648 mae=0.510
  Voronoi d=72: time=2.51s ssr=75.29 randi=0.967 nmi=0.879 mae=0.144
  Voronoi d=73: time=2.81s ssr=75.94 randi=0.958 nmi=0.859 mae=0.165
  Voronoi d=74: time=2.73s ssr=61.09 randi=0.976 nmi=0.909 mae=0.090
  Voronoi d=75: time=1.21s ssr=76.80 randi=0.975 nmi=0.895 mae=0.101
  Voronoi d=76: time=1.92s ssr=67.92 randi=0.980 nmi=0.923 mae=0.114
  Voronoi d=77: time=2.03s ssr=84.99 randi=0.970 nmi=0.842 mae=0.268
  Voronoi d=78: time=3.47s ssr=86.84 randi=0.953 nmi=0.849 mae=0.158
  Voronoi d=79: time=3.34s ssr=65.76 randi=0.956 nmi=0.872 mae=0.129
  Voronoi d=80: time=4.51s ssr=89.47 randi=0.958 nmi=0.839 mae=0.223
  Voronoi d=81: time=2.87s ssr=61.85 randi=0.962 nmi=0.850 mae=0.141
  Voronoi d=82: time=3.35s ssr=64.46 randi=0.948 nmi=0.829 mae=0.179
  Voronoi d=83: time=1.95s ssr=85.97 randi=0.949 nmi=0.833 mae=0.206
  Voronoi d=84: time=2.46s ssr=77.02 randi=0.820 nmi=0.639 mae=0.340
  Voronoi d=85: time=2.24s ssr=88.74 randi=0.958 nmi=0.844 mae=0.253
  Voronoi d=86: time=2.05s ssr=62.93 randi=0.981 nmi=0.920 mae=0.106
  Voronoi d=87: time=2.13s ssr=50.00 randi=0.908 nmi=0.766 mae=0.233
  Voronoi d=88: time=2.22s ssr=92.84 randi=0.971 nmi=0.901 mae=0.125
  Voronoi d=89: time=2.40s ssr=60.63 randi=0.949 nmi=0.814 mae=0.229
  Voronoi d=90: time=2.45s ssr=75.08 randi=0.966 nmi=0.861 mae=0.186
  Voronoi d=91: time=2.10s ssr=65.97 randi=0.971 nmi=0.893 mae=0.125
  Voronoi d=92: time=3.79s ssr=74.27 randi=0.879 nmi=0.710 mae=0.349
  Voronoi d=93: time=2.56s ssr=76.24 randi=0.932 nmi=0.791 mae=0.211
  Voronoi d=94: time=2.24s ssr=89.12 randi=0.914 nmi=0.765 mae=0.403
  Voronoi d=95: time=1.69s ssr=61.83 randi=0.983 nmi=0.944 mae=0.068
  Voronoi d=96: time=4.69s ssr=65.78 randi=0.954 nmi=0.835 mae=0.151
  Voronoi d=97: time=3.33s ssr=63.84 randi=0.930 nmi=0.790 mae=0.176
  Voronoi d=98: time=2.43s ssr=63.92 randi=0.951 nmi=0.874 mae=0.140
  Voronoi d=99: time=2.48s ssr=94.65 randi=0.859 nmi=0.714 mae=0.281
  Arbitrary d=101: time=4.38s ssr=55.76 randi=0.900 nmi=0.701 mae=0.290
  Arbitrary d=102: time=1.37s ssr=69.25 randi=0.853 nmi=0.728 mae=0.354
  Arbitrary d=103: time=3.03s ssr=115.11 randi=0.947 nmi=0.822 mae=0.292
  Arbitrary d=104: time=1.66s ssr=83.23 randi=0.919 nmi=0.800 mae=0.236
  Arbitrary d=105: time=3.35s ssr=110.62 randi=0.920 nmi=0.799 mae=0.304
  Arbitrary d=106: time=1.31s ssr=79.55 randi=0.950 nmi=0.842 mae=0.210
  Arbitrary d=107: time=2.39s ssr=78.00 randi=0.858 nmi=0.678 mae=0.417
  Arbitrary d=108: time=2.29s ssr=144.07 randi=0.891 nmi=0.753 mae=0.346
  Arbitrary d=109: time=1.39s ssr=65.38 randi=0.958 nmi=0.850 mae=0.167
  Arbitrary d=110: time=1.90s ssr=74.75 randi=0.954 nmi=0.850 mae=0.175
  Arbitrary d=111: time=1.33s ssr=59.14 randi=0.982 nmi=0.933 mae=0.106
  Arbitrary d=112: time=2.67s ssr=72.10 randi=0.950 nmi=0.834 mae=0.179
  Arbitrary d=113: time=2.56s ssr=59.06 randi=0.932 nmi=0.799 mae=0.203
  Arbitrary d=114: time=2.63s ssr=67.38 randi=0.905 nmi=0.802 mae=0.249
  Arbitrary d=115: time=2.29s ssr=74.16 randi=0.945 nmi=0.811 mae=0.167
  Arbitrary d=116: time=1.98s ssr=100.96 randi=0.958 nmi=0.855 mae=0.192
  Arbitrary d=117: time=2.07s ssr=61.37 randi=0.966 nmi=0.883 mae=0.127
  Arbitrary d=118: time=2.34s ssr=90.26 randi=0.897 nmi=0.765 mae=0.320
  Arbitrary d=119: time=3.46s ssr=143.25 randi=0.888 nmi=0.722 mae=0.338
  Arbitrary d=120: time=2.10s ssr=67.96 randi=0.925 nmi=0.795 mae=0.230
  Arbitrary d=121: time=2.42s ssr=97.57 randi=0.938 nmi=0.800 mae=0.234
  Arbitrary d=122: time=1.59s ssr=76.95 randi=0.944 nmi=0.809 mae=0.161
  Arbitrary d=123: time=2.75s ssr=53.32 randi=0.943 nmi=0.817 mae=0.182
  Arbitrary d=124: time=2.40s ssr=86.54 randi=0.910 nmi=0.784 mae=0.311
  Arbitrary d=125: time=2.02s ssr=92.64 randi=0.962 nmi=0.861 mae=0.154
  Arbitrary d=126: time=3.37s ssr=130.34 randi=0.868 nmi=0.709 mae=0.414
  Arbitrary d=127: time=2.59s ssr=84.80 randi=0.879 nmi=0.718 mae=0.345
  Arbitrary d=128: time=2.54s ssr=79.21 randi=0.952 nmi=0.832 mae=0.183
  Arbitrary d=129: time=2.55s ssr=141.89 randi=0.926 nmi=0.773 mae=0.281
  Arbitrary d=130: time=1.97s ssr=79.97 randi=0.951 nmi=0.822 mae=0.169
  Arbitrary d=131: time=2.91s ssr=90.88 randi=0.856 nmi=0.682 mae=0.387
  Arbitrary d=132: time=1.84s ssr=126.00 randi=0.851 nmi=0.705 mae=0.362
  Arbitrary d=133: time=2.02s ssr=91.53 randi=0.880 nmi=0.702 mae=0.396
  Arbitrary d=134: time=1.53s ssr=85.56 randi=0.919 nmi=0.781 mae=0.204
  Arbitrary d=135: time=2.34s ssr=123.95 randi=0.919 nmi=0.774 mae=0.261
  Arbitrary d=136: time=3.81s ssr=76.75 randi=0.943 nmi=0.801 mae=0.211
  Arbitrary d=137: time=1.79s ssr=120.58 randi=0.937 nmi=0.807 mae=0.228
  Arbitrary d=138: time=1.61s ssr=82.44 randi=0.958 nmi=0.860 mae=0.179
  Arbitrary d=139: time=2.08s ssr=98.36 randi=0.921 nmi=0.767 mae=0.347
  Arbitrary d=140: time=5.72s ssr=71.16 randi=0.922 nmi=0.757 mae=0.238
  Arbitrary d=141: time=3.02s ssr=83.47 randi=0.809 nmi=0.627 mae=0.381
  Arbitrary d=142: time=3.82s ssr=89.34 randi=0.866 nmi=0.684 mae=0.378
  Arbitrary d=143: time=3.23s ssr=104.61 randi=0.941 nmi=0.819 mae=0.293
  Arbitrary d=144: time=2.06s ssr=89.67 randi=0.837 nmi=0.685 mae=0.438
  Arbitrary d=145: time=3.66s ssr=99.38 randi=0.880 nmi=0.682 mae=0.457
  Arbitrary d=146: time=2.14s ssr=92.34 randi=0.913 nmi=0.734 mae=0.243
  Arbitrary d=147: time=1.84s ssr=84.65 randi=0.952 nmi=0.840 mae=0.164
  Arbitrary d=148: time=2.30s ssr=98.59 randi=0.916 nmi=0.766 mae=0.278
  Arbitrary d=149: time=1.83s ssr=84.28 randi=0.947 nmi=0.819 mae=0.224
=== 2kmodels (initial) done in 373.9s ===

=== OpenEvolve_NoGeoKnow ===
  Rectangular d=1: time=4.45s ssr=82.69 randi=0.913 nmi=0.772 mae=0.244
  Rectangular d=2: time=1.29s ssr=69.99 randi=0.957 nmi=0.863 mae=0.104
  Rectangular d=3: time=1.24s ssr=126.31 randi=0.922 nmi=0.784 mae=0.257
  Rectangular d=4: time=1.20s ssr=63.01 randi=0.820 nmi=0.602 mae=0.416
  Rectangular d=5: time=1.24s ssr=125.97 randi=0.939 nmi=0.814 mae=0.276
  Rectangular d=6: time=1.46s ssr=63.21 randi=0.943 nmi=0.821 mae=0.196
  Rectangular d=7: time=1.46s ssr=133.00 randi=0.960 nmi=0.860 mae=0.216
  Rectangular d=8: time=1.34s ssr=64.26 randi=0.950 nmi=0.835 mae=0.203
  Rectangular d=9: time=1.46s ssr=94.90 randi=0.958 nmi=0.858 mae=0.257
  Rectangular d=10: time=1.58s ssr=85.09 randi=0.956 nmi=0.851 mae=0.255
  Rectangular d=11: time=1.69s ssr=58.92 randi=0.961 nmi=0.872 mae=0.206
  Rectangular d=12: time=1.60s ssr=79.80 randi=0.957 nmi=0.858 mae=0.180
  Rectangular d=13: time=1.60s ssr=81.78 randi=0.972 nmi=0.901 mae=0.153
  Rectangular d=14: time=1.56s ssr=111.51 randi=0.854 nmi=0.738 mae=0.425
  Rectangular d=15: time=1.38s ssr=70.08 randi=0.965 nmi=0.881 mae=0.169
  Rectangular d=16: time=1.20s ssr=70.70 randi=0.948 nmi=0.832 mae=0.210
  Rectangular d=17: time=1.22s ssr=138.26 randi=0.961 nmi=0.863 mae=0.189
  Rectangular d=18: time=1.85s ssr=75.46 randi=0.944 nmi=0.824 mae=0.247
  Rectangular d=19: time=1.29s ssr=75.18 randi=0.908 nmi=0.798 mae=0.263
  Rectangular d=20: time=1.26s ssr=101.73 randi=0.954 nmi=0.854 mae=0.271
  Rectangular d=21: time=1.19s ssr=107.65 randi=0.908 nmi=0.797 mae=0.286
  Rectangular d=22: time=1.24s ssr=85.33 randi=0.975 nmi=0.914 mae=0.122
  Rectangular d=23: time=1.20s ssr=98.14 randi=0.955 nmi=0.860 mae=0.254
  Rectangular d=24: time=1.17s ssr=49.52 randi=0.932 nmi=0.803 mae=0.208
  Rectangular d=25: time=1.26s ssr=121.81 randi=0.959 nmi=0.858 mae=0.197
  Rectangular d=26: time=1.21s ssr=78.31 randi=0.953 nmi=0.847 mae=0.191
  Rectangular d=27: time=1.22s ssr=67.09 randi=0.982 nmi=0.929 mae=0.105
  Rectangular d=28: time=1.27s ssr=78.58 randi=0.978 nmi=0.918 mae=0.131
  Rectangular d=29: time=1.19s ssr=80.82 randi=0.954 nmi=0.844 mae=0.205
  Rectangular d=30: time=1.20s ssr=70.80 randi=0.883 nmi=0.682 mae=0.360
  Rectangular d=31: time=1.16s ssr=105.30 randi=0.925 nmi=0.795 mae=0.256
  Rectangular d=32: time=1.20s ssr=68.50 randi=0.962 nmi=0.865 mae=0.199
  Rectangular d=33: time=1.25s ssr=98.25 randi=0.972 nmi=0.896 mae=0.136
  Rectangular d=34: time=1.19s ssr=75.41 randi=0.918 nmi=0.789 mae=0.237
  Rectangular d=35: time=1.22s ssr=88.07 randi=0.931 nmi=0.794 mae=0.274
  Rectangular d=36: time=1.41s ssr=71.25 randi=0.936 nmi=0.809 mae=0.207
  Rectangular d=37: time=1.41s ssr=76.35 randi=0.919 nmi=0.787 mae=0.228
  Rectangular d=38: time=1.45s ssr=100.73 randi=0.965 nmi=0.877 mae=0.169
  Rectangular d=39: time=1.37s ssr=81.28 randi=0.903 nmi=0.740 mae=0.310
  Rectangular d=40: time=1.38s ssr=138.61 randi=0.881 nmi=0.743 mae=0.407
  Rectangular d=41: time=1.23s ssr=109.05 randi=0.967 nmi=0.887 mae=0.182
  Rectangular d=42: time=1.20s ssr=80.32 randi=0.966 nmi=0.875 mae=0.177
  Rectangular d=43: time=1.17s ssr=96.04 randi=0.937 nmi=0.812 mae=0.209
  Rectangular d=44: time=1.16s ssr=61.97 randi=0.965 nmi=0.894 mae=0.209
  Rectangular d=45: time=1.28s ssr=127.03 randi=0.958 nmi=0.864 mae=0.195
  Rectangular d=46: time=1.52s ssr=109.81 randi=0.967 nmi=0.887 mae=0.209
  Rectangular d=47: time=1.22s ssr=64.81 randi=0.960 nmi=0.862 mae=0.186
  Rectangular d=48: time=1.55s ssr=65.66 randi=0.956 nmi=0.851 mae=0.162
  Rectangular d=49: time=1.20s ssr=110.63 randi=0.973 nmi=0.905 mae=0.181
  Voronoi d=51: time=1.18s ssr=78.60 randi=0.965 nmi=0.858 mae=0.179
  Voronoi d=52: time=1.33s ssr=94.53 randi=0.966 nmi=0.870 mae=0.171
  Voronoi d=53: time=1.36s ssr=112.75 randi=0.922 nmi=0.803 mae=0.321
  Voronoi d=54: time=1.48s ssr=126.05 randi=0.963 nmi=0.863 mae=0.272
  Voronoi d=55: time=1.96s ssr=92.61 randi=0.943 nmi=0.831 mae=0.239
  Voronoi d=56: time=1.51s ssr=105.36 randi=0.970 nmi=0.887 mae=0.149
  Voronoi d=57: time=1.41s ssr=71.37 randi=0.962 nmi=0.877 mae=0.109
  Voronoi d=58: time=1.28s ssr=64.25 randi=0.960 nmi=0.871 mae=0.138
  Voronoi d=59: time=1.27s ssr=110.40 randi=0.964 nmi=0.869 mae=0.141
  Voronoi d=60: time=1.29s ssr=79.87 randi=0.955 nmi=0.858 mae=0.216
  Voronoi d=61: time=1.37s ssr=78.28 randi=0.959 nmi=0.847 mae=0.151
  Voronoi d=62: time=1.42s ssr=76.94 randi=0.956 nmi=0.849 mae=0.211
  Voronoi d=63: time=1.48s ssr=87.41 randi=0.957 nmi=0.869 mae=0.179
  Voronoi d=64: time=1.27s ssr=89.00 randi=0.945 nmi=0.805 mae=0.233
  Voronoi d=65: time=1.30s ssr=96.39 randi=0.968 nmi=0.877 mae=0.159
  Voronoi d=66: time=1.34s ssr=74.41 randi=0.957 nmi=0.858 mae=0.190
  Voronoi d=67: time=1.23s ssr=95.68 randi=0.969 nmi=0.887 mae=0.115
  Voronoi d=68: time=1.27s ssr=65.21 randi=0.933 nmi=0.807 mae=0.199
  Voronoi d=69: time=1.20s ssr=95.81 randi=0.940 nmi=0.800 mae=0.162
  Voronoi d=70: time=1.10s ssr=97.95 randi=0.951 nmi=0.844 mae=0.197
  Voronoi d=71: time=1.28s ssr=106.70 randi=0.912 nmi=0.753 mae=0.211
  Voronoi d=72: time=1.18s ssr=87.08 randi=0.967 nmi=0.880 mae=0.175
  Voronoi d=73: time=1.20s ssr=69.43 randi=0.966 nmi=0.865 mae=0.148
  Voronoi d=74: time=1.19s ssr=100.04 randi=0.860 nmi=0.762 mae=0.330
  Voronoi d=75: time=1.28s ssr=120.87 randi=0.974 nmi=0.890 mae=0.148
  Voronoi d=76: time=1.22s ssr=89.85 randi=0.972 nmi=0.897 mae=0.168
  Voronoi d=77: time=1.16s ssr=86.85 randi=0.969 nmi=0.865 mae=0.237
  Voronoi d=78: time=1.29s ssr=85.26 randi=0.961 nmi=0.851 mae=0.119
  Voronoi d=79: time=1.27s ssr=70.04 randi=0.971 nmi=0.887 mae=0.116
  Voronoi d=80: time=1.26s ssr=88.07 randi=0.929 nmi=0.766 mae=0.216
  Voronoi d=81: time=1.20s ssr=67.39 randi=0.961 nmi=0.849 mae=0.128
  Voronoi d=82: time=1.17s ssr=75.89 randi=0.898 nmi=0.737 mae=0.253
  Voronoi d=83: time=1.25s ssr=101.96 randi=0.950 nmi=0.832 mae=0.284
  Voronoi d=84: time=1.28s ssr=100.86 randi=0.852 nmi=0.696 mae=0.445
  Voronoi d=85: time=1.26s ssr=84.77 randi=0.970 nmi=0.872 mae=0.182
  Voronoi d=86: time=1.22s ssr=81.59 randi=0.961 nmi=0.865 mae=0.171
  Voronoi d=87: time=1.22s ssr=69.86 randi=0.937 nmi=0.804 mae=0.154
  Voronoi d=88: time=1.45s ssr=103.46 randi=0.960 nmi=0.863 mae=0.159
  Voronoi d=89: time=1.52s ssr=59.94 randi=0.941 nmi=0.790 mae=0.225
  Voronoi d=90: time=1.51s ssr=63.15 randi=0.972 nmi=0.902 mae=0.098
  Voronoi d=91: time=2.06s ssr=84.36 randi=0.967 nmi=0.874 mae=0.174
  Voronoi d=92: time=1.32s ssr=78.32 randi=0.894 nmi=0.721 mae=0.332
  Voronoi d=93: time=1.29s ssr=71.81 randi=0.946 nmi=0.828 mae=0.147
  Voronoi d=94: time=1.26s ssr=87.31 randi=0.954 nmi=0.838 mae=0.241
  Voronoi d=95: time=1.22s ssr=106.07 randi=0.968 nmi=0.899 mae=0.112
  Voronoi d=96: time=1.17s ssr=70.55 randi=0.949 nmi=0.820 mae=0.158
  Voronoi d=97: time=1.17s ssr=79.75 randi=0.940 nmi=0.817 mae=0.162
  Voronoi d=98: time=1.33s ssr=112.77 randi=0.952 nmi=0.854 mae=0.150
  Voronoi d=99: time=1.35s ssr=102.54 randi=0.805 nmi=0.682 mae=0.413
  Arbitrary d=101: time=1.37s ssr=55.38 randi=0.921 nmi=0.753 mae=0.212
  Arbitrary d=102: time=1.32s ssr=78.55 randi=0.916 nmi=0.766 mae=0.234
  Arbitrary d=103: time=1.19s ssr=138.72 randi=0.930 nmi=0.772 mae=0.307
  Arbitrary d=104: time=1.23s ssr=131.42 randi=0.904 nmi=0.737 mae=0.337
  Arbitrary d=105: time=1.22s ssr=122.10 randi=0.914 nmi=0.740 mae=0.347
  Arbitrary d=106: time=1.24s ssr=170.60 randi=0.937 nmi=0.781 mae=0.308
  Arbitrary d=107: time=1.25s ssr=82.46 randi=0.859 nmi=0.706 mae=0.389
  Arbitrary d=108: time=1.22s ssr=151.97 randi=0.903 nmi=0.736 mae=0.303
  Arbitrary d=109: time=1.19s ssr=119.91 randi=0.922 nmi=0.784 mae=0.264
  Arbitrary d=110: time=1.21s ssr=92.31 randi=0.954 nmi=0.839 mae=0.209
  Arbitrary d=111: time=1.28s ssr=239.18 randi=0.883 nmi=0.740 mae=0.332
  Arbitrary d=112: time=1.28s ssr=102.30 randi=0.945 nmi=0.822 mae=0.233
  Arbitrary d=113: time=1.39s ssr=116.25 randi=0.883 nmi=0.739 mae=0.372
  Arbitrary d=114: time=1.21s ssr=119.18 randi=0.814 nmi=0.690 mae=0.441
  Arbitrary d=115: time=1.19s ssr=107.52 randi=0.805 nmi=0.665 mae=0.364
  Arbitrary d=116: time=1.21s ssr=161.12 randi=0.945 nmi=0.812 mae=0.261
  Arbitrary d=117: time=1.23s ssr=82.20 randi=0.957 nmi=0.841 mae=0.157
  Arbitrary d=118: time=1.20s ssr=85.74 randi=0.883 nmi=0.740 mae=0.351
  Arbitrary d=119: time=1.22s ssr=121.72 randi=0.939 nmi=0.792 mae=0.254
  Arbitrary d=120: time=1.19s ssr=106.08 randi=0.851 nmi=0.697 mae=0.428
  Arbitrary d=121: time=1.35s ssr=94.45 randi=0.940 nmi=0.812 mae=0.236
  Arbitrary d=122: time=1.32s ssr=119.15 randi=0.896 nmi=0.727 mae=0.270
  Arbitrary d=123: time=1.26s ssr=77.95 randi=0.935 nmi=0.785 mae=0.232
  Arbitrary d=124: time=1.63s ssr=84.48 randi=0.940 nmi=0.809 mae=0.214
  Arbitrary d=125: time=1.26s ssr=173.90 randi=0.920 nmi=0.764 mae=0.331
  Arbitrary d=126: time=1.20s ssr=117.99 randi=0.869 nmi=0.736 mae=0.404
  Arbitrary d=127: time=1.20s ssr=92.10 randi=0.879 nmi=0.700 mae=0.395
  Arbitrary d=128: time=1.26s ssr=86.31 randi=0.931 nmi=0.784 mae=0.230
  Arbitrary d=129: time=1.24s ssr=216.80 randi=0.856 nmi=0.733 mae=0.502
  Arbitrary d=130: time=1.28s ssr=81.42 randi=0.946 nmi=0.813 mae=0.181
  Arbitrary d=131: time=1.17s ssr=116.76 randi=0.936 nmi=0.788 mae=0.215
  Arbitrary d=132: time=1.19s ssr=160.18 randi=0.862 nmi=0.699 mae=0.372
  Arbitrary d=133: time=1.21s ssr=133.55 randi=0.844 nmi=0.665 mae=0.515
  Arbitrary d=134: time=1.23s ssr=104.60 randi=0.942 nmi=0.812 mae=0.213
  Arbitrary d=135: time=1.16s ssr=151.78 randi=0.933 nmi=0.775 mae=0.320
  Arbitrary d=136: time=1.24s ssr=70.03 randi=0.942 nmi=0.794 mae=0.219
  Arbitrary d=137: time=1.20s ssr=151.62 randi=0.933 nmi=0.769 mae=0.324
  Arbitrary d=138: time=1.16s ssr=107.82 randi=0.949 nmi=0.819 mae=0.218
  Arbitrary d=139: time=1.22s ssr=162.28 randi=0.873 nmi=0.718 mae=0.536
  Arbitrary d=140: time=1.22s ssr=86.13 randi=0.870 nmi=0.714 mae=0.398
  Arbitrary d=141: time=1.19s ssr=81.31 randi=0.902 nmi=0.695 mae=0.259
  Arbitrary d=142: time=1.17s ssr=84.54 randi=0.862 nmi=0.685 mae=0.361
  Arbitrary d=143: time=1.22s ssr=123.82 randi=0.942 nmi=0.802 mae=0.233
  Arbitrary d=144: time=1.23s ssr=84.00 randi=0.850 nmi=0.714 mae=0.380
  Arbitrary d=145: time=1.28s ssr=94.24 randi=0.897 nmi=0.710 mae=0.383
  Arbitrary d=146: time=1.19s ssr=96.34 randi=0.936 nmi=0.792 mae=0.178
  Arbitrary d=147: time=1.19s ssr=110.16 randi=0.941 nmi=0.813 mae=0.204
  Arbitrary d=148: time=1.20s ssr=102.95 randi=0.870 nmi=0.728 mae=0.329
  Arbitrary d=149: time=1.42s ssr=114.86 randi=0.930 nmi=0.786 mae=0.338
=== OpenEvolve_NoGeoKnow done in 197.6s ===

=== OpenEvolve_SimpleGeoKnow ===
  Rectangular d=1: time=2.54s ssr=109.12 randi=0.886 nmi=0.769 mae=0.361
  Rectangular d=2: time=2.59s ssr=58.37 randi=0.966 nmi=0.884 mae=0.095
  Rectangular d=3: time=2.17s ssr=73.10 randi=0.952 nmi=0.853 mae=0.146
  Rectangular d=4: time=4.08s ssr=60.81 randi=0.883 nmi=0.702 mae=0.292
  Rectangular d=5: time=2.88s ssr=79.52 randi=0.951 nmi=0.836 mae=0.171
  Rectangular d=6: time=4.55s ssr=75.31 randi=0.880 nmi=0.692 mae=0.376
  Rectangular d=7: time=2.58s ssr=62.75 randi=0.970 nmi=0.902 mae=0.156
  Rectangular d=8: time=3.05s ssr=78.56 randi=0.931 nmi=0.789 mae=0.290
  Rectangular d=9: time=3.39s ssr=67.09 randi=0.955 nmi=0.860 mae=0.252
  Rectangular d=10: time=3.29s ssr=65.37 randi=0.962 nmi=0.867 mae=0.205
  Rectangular d=11: time=3.12s ssr=64.22 randi=0.946 nmi=0.825 mae=0.265
  Rectangular d=12: time=2.75s ssr=64.33 randi=0.946 nmi=0.826 mae=0.217
  Rectangular d=13: time=2.83s ssr=57.93 randi=0.969 nmi=0.909 mae=0.141
  Rectangular d=14: time=1.94s ssr=70.66 randi=0.865 nmi=0.750 mae=0.321
  Rectangular d=15: time=2.72s ssr=54.54 randi=0.973 nmi=0.903 mae=0.121
  Rectangular d=16: time=4.00s ssr=62.32 randi=0.949 nmi=0.841 mae=0.205
  Rectangular d=17: time=2.17s ssr=57.52 randi=0.989 nmi=0.953 mae=0.059
  Rectangular d=18: time=2.60s ssr=70.80 randi=0.946 nmi=0.824 mae=0.213
  Rectangular d=19: time=3.35s ssr=59.38 randi=0.912 nmi=0.809 mae=0.252
  Rectangular d=20: time=2.49s ssr=69.00 randi=0.957 nmi=0.879 mae=0.191
  Rectangular d=21: time=2.42s ssr=68.34 randi=0.900 nmi=0.824 mae=0.274
  Rectangular d=22: time=3.52s ssr=62.83 randi=0.979 nmi=0.926 mae=0.090
  Rectangular d=23: time=3.03s ssr=57.32 randi=0.961 nmi=0.878 mae=0.182
  Rectangular d=24: time=3.50s ssr=58.84 randi=0.940 nmi=0.818 mae=0.216
  Rectangular d=25: time=2.19s ssr=54.90 randi=0.978 nmi=0.926 mae=0.076
  Rectangular d=26: time=3.72s ssr=66.94 randi=0.967 nmi=0.885 mae=0.128
  Rectangular d=27: time=2.50s ssr=58.96 randi=0.983 nmi=0.936 mae=0.086
  Rectangular d=28: time=2.37s ssr=71.74 randi=0.978 nmi=0.922 mae=0.155
  Rectangular d=29: time=3.22s ssr=77.42 randi=0.936 nmi=0.809 mae=0.273
  Rectangular d=30: time=3.27s ssr=63.71 randi=0.861 nmi=0.632 mae=0.415
  Rectangular d=31: time=2.64s ssr=65.11 randi=0.935 nmi=0.831 mae=0.196
  Rectangular d=32: time=3.52s ssr=65.02 randi=0.956 nmi=0.850 mae=0.232
  Rectangular d=33: time=2.27s ssr=77.38 randi=0.967 nmi=0.889 mae=0.156
  Rectangular d=34: time=4.40s ssr=67.52 randi=0.910 nmi=0.759 mae=0.267
  Rectangular d=35: time=3.08s ssr=52.34 randi=0.926 nmi=0.834 mae=0.237
  Rectangular d=36: time=2.50s ssr=56.81 randi=0.937 nmi=0.815 mae=0.170
  Rectangular d=37: time=3.67s ssr=62.82 randi=0.915 nmi=0.800 mae=0.267
  Rectangular d=38: time=3.18s ssr=76.16 randi=0.856 nmi=0.753 mae=0.401
  Rectangular d=39: time=3.18s ssr=72.02 randi=0.899 nmi=0.781 mae=0.296
  Rectangular d=40: time=2.22s ssr=77.05 randi=0.908 nmi=0.829 mae=0.275
  Rectangular d=41: time=2.71s ssr=64.05 randi=0.987 nmi=0.949 mae=0.111
  Rectangular d=42: time=2.51s ssr=76.35 randi=0.973 nmi=0.901 mae=0.157
  Rectangular d=43: time=2.63s ssr=62.72 randi=0.969 nmi=0.896 mae=0.136
  Rectangular d=44: time=3.27s ssr=75.60 randi=0.943 nmi=0.838 mae=0.319
  Rectangular d=45: time=2.42s ssr=63.63 randi=0.966 nmi=0.899 mae=0.181
  Rectangular d=46: time=2.70s ssr=57.75 randi=0.970 nmi=0.905 mae=0.122
  Rectangular d=47: time=3.83s ssr=93.45 randi=0.913 nmi=0.746 mae=0.349
  Rectangular d=48: time=3.45s ssr=58.01 randi=0.926 nmi=0.780 mae=0.252
  Rectangular d=49: time=2.46s ssr=107.45 randi=0.880 nmi=0.785 mae=0.371
  Voronoi d=51: time=2.41s ssr=66.51 randi=0.980 nmi=0.911 mae=0.147
  Voronoi d=52: time=2.79s ssr=84.24 randi=0.930 nmi=0.837 mae=0.292
  Voronoi d=53: time=1.81s ssr=63.84 randi=0.983 nmi=0.924 mae=0.096
  Voronoi d=54: time=2.77s ssr=57.66 randi=0.988 nmi=0.952 mae=0.061
  Voronoi d=55: time=2.13s ssr=53.93 randi=0.951 nmi=0.864 mae=0.162
  Voronoi d=56: time=2.75s ssr=64.74 randi=0.981 nmi=0.925 mae=0.098
  Voronoi d=57: time=3.73s ssr=65.72 randi=0.963 nmi=0.892 mae=0.096
  Voronoi d=58: time=3.60s ssr=65.39 randi=0.925 nmi=0.811 mae=0.204
  Voronoi d=59: time=2.42s ssr=55.40 randi=0.985 nmi=0.938 mae=0.100
  Voronoi d=60: time=3.33s ssr=72.93 randi=0.963 nmi=0.876 mae=0.120
  Voronoi d=61: time=2.85s ssr=59.95 randi=0.961 nmi=0.885 mae=0.151
  Voronoi d=62: time=3.97s ssr=69.43 randi=0.944 nmi=0.816 mae=0.187
  Voronoi d=63: time=3.53s ssr=66.62 randi=0.964 nmi=0.869 mae=0.116
  Voronoi d=64: time=2.44s ssr=67.59 randi=0.978 nmi=0.914 mae=0.089
  Voronoi d=65: time=2.36s ssr=59.00 randi=0.985 nmi=0.939 mae=0.097
  Voronoi d=66: time=3.13s ssr=77.28 randi=0.949 nmi=0.844 mae=0.186
  Voronoi d=67: time=2.58s ssr=78.49 randi=0.981 nmi=0.926 mae=0.113
  Voronoi d=68: time=4.22s ssr=56.54 randi=0.947 nmi=0.812 mae=0.155
  Voronoi d=69: time=2.64s ssr=69.52 randi=0.961 nmi=0.868 mae=0.090
  Voronoi d=70: time=2.84s ssr=87.43 randi=0.863 nmi=0.749 mae=0.468
  Voronoi d=71: time=3.40s ssr=66.62 randi=0.909 nmi=0.762 mae=0.200
  Voronoi d=72: time=2.67s ssr=49.11 randi=0.985 nmi=0.945 mae=0.085
  Voronoi d=73: time=2.90s ssr=67.62 randi=0.938 nmi=0.813 mae=0.173
  Voronoi d=74: time=2.80s ssr=57.26 randi=0.961 nmi=0.874 mae=0.101
  Voronoi d=75: time=2.06s ssr=58.49 randi=0.986 nmi=0.938 mae=0.094
  Voronoi d=76: time=3.03s ssr=60.70 randi=0.980 nmi=0.922 mae=0.144
  Voronoi d=77: time=2.71s ssr=56.23 randi=0.970 nmi=0.858 mae=0.155
  Voronoi d=78: time=2.66s ssr=64.25 randi=0.969 nmi=0.887 mae=0.125
  Voronoi d=79: time=3.18s ssr=59.96 randi=0.961 nmi=0.877 mae=0.128
  Voronoi d=80: time=4.40s ssr=65.62 randi=0.963 nmi=0.879 mae=0.145
  Voronoi d=81: time=2.17s ssr=57.96 randi=0.942 nmi=0.861 mae=0.196
  Voronoi d=82: time=3.11s ssr=62.93 randi=0.949 nmi=0.831 mae=0.171
  Voronoi d=83: time=3.39s ssr=67.43 randi=0.970 nmi=0.888 mae=0.150
  Voronoi d=84: time=3.50s ssr=85.58 randi=0.869 nmi=0.706 mae=0.341
  Voronoi d=85: time=2.89s ssr=71.16 randi=0.964 nmi=0.880 mae=0.179
  Voronoi d=86: time=3.28s ssr=53.35 randi=0.981 nmi=0.922 mae=0.120
  Voronoi d=87: time=3.38s ssr=50.39 randi=0.959 nmi=0.864 mae=0.103
  Voronoi d=88: time=2.46s ssr=65.99 randi=0.960 nmi=0.868 mae=0.159
  Voronoi d=89: time=3.49s ssr=57.93 randi=0.962 nmi=0.855 mae=0.208
  Voronoi d=90: time=2.88s ssr=61.73 randi=0.965 nmi=0.866 mae=0.118
  Voronoi d=91: time=3.04s ssr=102.96 randi=0.897 nmi=0.768 mae=0.478
  Voronoi d=92: time=4.37s ssr=60.86 randi=0.917 nmi=0.776 mae=0.242
  Voronoi d=93: time=3.91s ssr=57.05 randi=0.936 nmi=0.820 mae=0.134
  Voronoi d=94: time=3.19s ssr=83.15 randi=0.937 nmi=0.806 mae=0.347
  Voronoi d=95: time=2.87s ssr=65.22 randi=0.984 nmi=0.942 mae=0.069
  Voronoi d=96: time=4.89s ssr=60.81 randi=0.958 nmi=0.848 mae=0.135
  Voronoi d=97: time=3.38s ssr=65.08 randi=0.954 nmi=0.849 mae=0.115
  Voronoi d=98: time=3.78s ssr=58.17 randi=0.964 nmi=0.895 mae=0.115
  Voronoi d=99: time=2.67s ssr=96.25 randi=0.901 nmi=0.775 mae=0.259
  Arbitrary d=101: time=4.66s ssr=53.43 randi=0.895 nmi=0.688 mae=0.286
  Arbitrary d=102: time=2.15s ssr=69.84 randi=0.853 nmi=0.701 mae=0.361
  Arbitrary d=103: time=3.23s ssr=84.75 randi=0.950 nmi=0.828 mae=0.257
  Arbitrary d=104: time=2.45s ssr=67.83 randi=0.913 nmi=0.805 mae=0.273
  Arbitrary d=105: time=3.71s ssr=119.27 randi=0.916 nmi=0.749 mae=0.329
  Arbitrary d=106: time=2.54s ssr=77.23 randi=0.954 nmi=0.840 mae=0.229
  Arbitrary d=107: time=3.51s ssr=97.30 randi=0.862 nmi=0.698 mae=0.419
  Arbitrary d=108: time=2.29s ssr=90.57 randi=0.962 nmi=0.876 mae=0.106
  Arbitrary d=109: time=2.24s ssr=64.40 randi=0.954 nmi=0.861 mae=0.190
  Arbitrary d=110: time=2.33s ssr=70.61 randi=0.959 nmi=0.855 mae=0.160
  Arbitrary d=111: time=2.37s ssr=62.95 randi=0.979 nmi=0.921 mae=0.123
  Arbitrary d=112: time=3.02s ssr=79.54 randi=0.951 nmi=0.849 mae=0.174
  Arbitrary d=113: time=2.93s ssr=62.50 randi=0.914 nmi=0.769 mae=0.276
  Arbitrary d=114: time=3.38s ssr=77.10 randi=0.912 nmi=0.775 mae=0.243
  Arbitrary d=115: time=3.29s ssr=86.52 randi=0.915 nmi=0.740 mae=0.300
  Arbitrary d=116: time=2.95s ssr=66.16 randi=0.965 nmi=0.891 mae=0.140
  Arbitrary d=117: time=2.95s ssr=72.34 randi=0.942 nmi=0.823 mae=0.218
  Arbitrary d=118: time=3.00s ssr=77.88 randi=0.926 nmi=0.762 mae=0.238
  Arbitrary d=119: time=2.70s ssr=74.16 randi=0.952 nmi=0.831 mae=0.192
  Arbitrary d=120: time=2.87s ssr=61.57 randi=0.951 nmi=0.837 mae=0.207
  Arbitrary d=121: time=3.22s ssr=90.90 randi=0.956 nmi=0.849 mae=0.236
  Arbitrary d=122: time=2.28s ssr=64.32 randi=0.957 nmi=0.851 mae=0.139
  Arbitrary d=123: time=3.21s ssr=67.54 randi=0.931 nmi=0.805 mae=0.239
  Arbitrary d=124: time=2.66s ssr=61.10 randi=0.916 nmi=0.810 mae=0.253
  Arbitrary d=125: time=2.65s ssr=66.90 randi=0.961 nmi=0.870 mae=0.156
  Arbitrary d=126: time=3.20s ssr=65.68 randi=0.918 nmi=0.805 mae=0.252
  Arbitrary d=127: time=3.77s ssr=69.03 randi=0.950 nmi=0.819 mae=0.212
  Arbitrary d=128: time=3.00s ssr=74.90 randi=0.933 nmi=0.795 mae=0.233
  Arbitrary d=129: time=3.10s ssr=114.62 randi=0.940 nmi=0.828 mae=0.256
  Arbitrary d=130: time=3.06s ssr=78.50 randi=0.938 nmi=0.797 mae=0.185
  Arbitrary d=131: time=3.22s ssr=93.66 randi=0.832 nmi=0.696 mae=0.403
  Arbitrary d=132: time=2.16s ssr=109.80 randi=0.877 nmi=0.760 mae=0.326
  Arbitrary d=133: time=2.97s ssr=92.88 randi=0.890 nmi=0.713 mae=0.357
  Arbitrary d=134: time=2.08s ssr=91.89 randi=0.895 nmi=0.806 mae=0.292
  Arbitrary d=135: time=2.59s ssr=75.92 randi=0.929 nmi=0.817 mae=0.191
  Arbitrary d=136: time=3.86s ssr=73.39 randi=0.927 nmi=0.755 mae=0.291
  Arbitrary d=137: time=2.52s ssr=71.16 randi=0.940 nmi=0.823 mae=0.191
  Arbitrary d=138: time=2.69s ssr=68.92 randi=0.958 nmi=0.870 mae=0.169
  Arbitrary d=139: time=2.30s ssr=104.66 randi=0.900 nmi=0.713 mae=0.431
  Arbitrary d=140: time=4.50s ssr=74.84 randi=0.894 nmi=0.720 mae=0.326
  Arbitrary d=141: time=3.73s ssr=80.93 randi=0.839 nmi=0.617 mae=0.391
  Arbitrary d=142: time=3.35s ssr=132.92 randi=0.829 nmi=0.647 mae=0.404
  Arbitrary d=143: time=3.10s ssr=108.78 randi=0.918 nmi=0.767 mae=0.311
  Arbitrary d=144: time=3.11s ssr=69.28 randi=0.858 nmi=0.705 mae=0.364
  Arbitrary d=145: time=3.36s ssr=72.46 randi=0.945 nmi=0.815 mae=0.224
  Arbitrary d=146: time=2.89s ssr=93.11 randi=0.924 nmi=0.770 mae=0.285
  Arbitrary d=147: time=2.26s ssr=64.23 randi=0.953 nmi=0.846 mae=0.155
  Arbitrary d=148: time=1.77s ssr=58.40 randi=0.898 nmi=0.787 mae=0.277
  Arbitrary d=149: time=2.40s ssr=106.39 randi=0.927 nmi=0.770 mae=0.338
=== OpenEvolve_SimpleGeoKnow done in 448.1s ===

=== OpenEvolve_SpecificGeoKnow ===
  Rectangular d=1: time=1.70s ssr=67.13 randi=0.863 nmi=0.741 mae=0.356
  Rectangular d=2: time=3.68s ssr=88.26 randi=0.949 nmi=0.838 mae=0.171
  Rectangular d=3: time=1.34s ssr=84.49 randi=0.923 nmi=0.803 mae=0.195
  Rectangular d=4: time=2.67s ssr=64.55 randi=0.842 nmi=0.621 mae=0.370
  Rectangular d=5: time=2.19s ssr=114.71 randi=0.888 nmi=0.745 mae=0.449
  Rectangular d=6: time=2.25s ssr=81.80 randi=0.880 nmi=0.713 mae=0.377
  Rectangular d=7: time=1.70s ssr=79.27 randi=0.966 nmi=0.887 mae=0.163
  Rectangular d=8: time=3.57s ssr=111.08 randi=0.849 nmi=0.670 mae=0.625
  Rectangular d=9: time=2.74s ssr=76.47 randi=0.964 nmi=0.875 mae=0.227
  Rectangular d=10: time=4.33s ssr=76.07 randi=0.958 nmi=0.856 mae=0.237
  Rectangular d=11: time=2.75s ssr=56.75 randi=0.962 nmi=0.864 mae=0.191
  Rectangular d=12: time=2.70s ssr=57.41 randi=0.950 nmi=0.835 mae=0.169
  Rectangular d=13: time=3.09s ssr=115.79 randi=0.957 nmi=0.860 mae=0.156
  Rectangular d=14: time=2.37s ssr=85.90 randi=0.862 nmi=0.720 mae=0.353
  Rectangular d=15: time=1.45s ssr=68.07 randi=0.962 nmi=0.874 mae=0.167
  Rectangular d=16: time=3.55s ssr=64.53 randi=0.919 nmi=0.791 mae=0.254
  Rectangular d=17: time=1.96s ssr=73.67 randi=0.971 nmi=0.903 mae=0.120
  Rectangular d=18: time=2.70s ssr=92.11 randi=0.910 nmi=0.775 mae=0.362
  Rectangular d=19: time=3.03s ssr=57.08 randi=0.956 nmi=0.868 mae=0.134
  Rectangular d=20: time=2.08s ssr=111.50 randi=0.915 nmi=0.824 mae=0.400
  Rectangular d=21: time=1.52s ssr=58.21 randi=0.967 nmi=0.898 mae=0.098
  Rectangular d=22: time=3.20s ssr=100.41 randi=0.960 nmi=0.866 mae=0.192
  Rectangular d=23: time=1.93s ssr=61.80 randi=0.960 nmi=0.875 mae=0.189
  Rectangular d=24: time=2.27s ssr=60.71 randi=0.882 nmi=0.756 mae=0.353
  Rectangular d=25: time=1.61s ssr=56.33 randi=0.972 nmi=0.912 mae=0.103
  Rectangular d=26: time=3.60s ssr=77.44 randi=0.958 nmi=0.860 mae=0.173
  Rectangular d=27: time=2.85s ssr=78.10 randi=0.976 nmi=0.917 mae=0.103
  Rectangular d=28: time=2.50s ssr=57.69 randi=0.987 nmi=0.951 mae=0.092
  Rectangular d=29: time=2.78s ssr=74.75 randi=0.944 nmi=0.834 mae=0.256
  Rectangular d=30: time=4.86s ssr=60.81 randi=0.892 nmi=0.703 mae=0.309
  Rectangular d=31: time=2.32s ssr=68.96 randi=0.905 nmi=0.841 mae=0.259
  Rectangular d=32: time=2.72s ssr=60.80 randi=0.955 nmi=0.848 mae=0.239
  Rectangular d=33: time=1.44s ssr=83.08 randi=0.926 nmi=0.836 mae=0.269
  Rectangular d=34: time=2.46s ssr=62.99 randi=0.931 nmi=0.794 mae=0.204
  Rectangular d=35: time=2.53s ssr=65.10 randi=0.918 nmi=0.819 mae=0.258
  Rectangular d=36: time=1.98s ssr=73.15 randi=0.929 nmi=0.807 mae=0.196
  Rectangular d=37: time=1.70s ssr=56.47 randi=0.947 nmi=0.843 mae=0.210
  Rectangular d=38: time=2.78s ssr=91.84 randi=0.960 nmi=0.868 mae=0.270
  Rectangular d=39: time=2.28s ssr=66.96 randi=0.918 nmi=0.775 mae=0.256
  Rectangular d=40: time=1.21s ssr=73.05 randi=0.887 nmi=0.802 mae=0.277
  Rectangular d=41: time=1.59s ssr=129.96 randi=0.927 nmi=0.833 mae=0.221
  Rectangular d=42: time=1.86s ssr=67.78 randi=0.968 nmi=0.890 mae=0.194
  Rectangular d=43: time=2.83s ssr=105.48 randi=0.921 nmi=0.811 mae=0.265
  Rectangular d=44: time=1.82s ssr=92.80 randi=0.896 nmi=0.796 mae=0.550
  Rectangular d=45: time=1.43s ssr=67.09 randi=0.973 nmi=0.903 mae=0.161
  Rectangular d=46: time=1.80s ssr=57.19 randi=0.976 nmi=0.922 mae=0.119
  Rectangular d=47: time=2.22s ssr=100.32 randi=0.908 nmi=0.742 mae=0.357
  Rectangular d=48: time=3.77s ssr=60.06 randi=0.941 nmi=0.811 mae=0.200
  Rectangular d=49: time=1.76s ssr=69.07 randi=0.969 nmi=0.893 mae=0.158
  Voronoi d=51: time=2.64s ssr=102.38 randi=0.951 nmi=0.825 mae=0.289
  Voronoi d=52: time=2.13s ssr=79.22 randi=0.957 nmi=0.871 mae=0.229
  Voronoi d=53: time=1.28s ssr=67.61 randi=0.990 nmi=0.945 mae=0.073
  Voronoi d=54: time=2.16s ssr=72.68 randi=0.952 nmi=0.854 mae=0.146
  Voronoi d=55: time=2.33s ssr=59.11 randi=0.945 nmi=0.843 mae=0.213
  Voronoi d=56: time=1.82s ssr=98.22 randi=0.933 nmi=0.816 mae=0.248
  Voronoi d=57: time=2.85s ssr=100.01 randi=0.835 nmi=0.754 mae=0.415
  Voronoi d=58: time=3.47s ssr=68.02 randi=0.945 nmi=0.829 mae=0.152
  Voronoi d=59: time=1.68s ssr=61.16 randi=0.977 nmi=0.916 mae=0.111
  Voronoi d=60: time=2.42s ssr=72.38 randi=0.955 nmi=0.858 mae=0.157
  Voronoi d=61: time=2.63s ssr=70.50 randi=0.969 nmi=0.885 mae=0.103
  Voronoi d=62: time=3.20s ssr=58.17 randi=0.954 nmi=0.844 mae=0.173
  Voronoi d=63: time=3.95s ssr=71.76 randi=0.952 nmi=0.820 mae=0.164
  Voronoi d=64: time=1.70s ssr=80.12 randi=0.935 nmi=0.789 mae=0.252
  Voronoi d=65: time=1.91s ssr=63.59 randi=0.974 nmi=0.894 mae=0.127
  Voronoi d=66: time=2.10s ssr=76.03 randi=0.949 nmi=0.843 mae=0.201
  Voronoi d=67: time=1.33s ssr=54.92 randi=0.991 nmi=0.964 mae=0.070
  Voronoi d=68: time=3.79s ssr=65.71 randi=0.920 nmi=0.783 mae=0.207
  Voronoi d=69: time=1.98s ssr=72.99 randi=0.904 nmi=0.805 mae=0.287
  Voronoi d=70: time=1.77s ssr=90.75 randi=0.893 nmi=0.783 mae=0.370
  Voronoi d=71: time=2.35s ssr=77.25 randi=0.934 nmi=0.827 mae=0.188
  Voronoi d=72: time=1.43s ssr=70.94 randi=0.973 nmi=0.901 mae=0.159
  Voronoi d=73: time=2.41s ssr=78.54 randi=0.949 nmi=0.832 mae=0.164
  Voronoi d=74: time=2.20s ssr=75.91 randi=0.964 nmi=0.873 mae=0.161
  Voronoi d=75: time=1.47s ssr=57.73 randi=0.990 nmi=0.949 mae=0.059
  Voronoi d=76: time=2.50s ssr=70.17 randi=0.971 nmi=0.897 mae=0.171
  Voronoi d=77: time=2.23s ssr=69.97 randi=0.974 nmi=0.871 mae=0.138
  Voronoi d=78: time=2.87s ssr=77.61 randi=0.964 nmi=0.869 mae=0.135
  Voronoi d=79: time=2.78s ssr=56.80 randi=0.958 nmi=0.878 mae=0.100
  Voronoi d=80: time=3.01s ssr=65.49 randi=0.973 nmi=0.898 mae=0.084
  Voronoi d=81: time=1.73s ssr=54.20 randi=0.968 nmi=0.869 mae=0.099
  Voronoi d=82: time=2.03s ssr=58.17 randi=0.923 nmi=0.795 mae=0.228
  Voronoi d=83: time=2.52s ssr=97.63 randi=0.960 nmi=0.861 mae=0.208
  Voronoi d=84: time=1.87s ssr=68.75 randi=0.927 nmi=0.821 mae=0.231
  Voronoi d=85: time=2.02s ssr=64.32 randi=0.974 nmi=0.893 mae=0.115
  Voronoi d=86: time=1.56s ssr=59.22 randi=0.980 nmi=0.927 mae=0.114
  Voronoi d=87: time=1.60s ssr=52.23 randi=0.922 nmi=0.780 mae=0.188
  Voronoi d=88: time=2.45s ssr=99.08 randi=0.953 nmi=0.856 mae=0.166
  Voronoi d=89: time=3.31s ssr=64.74 randi=0.938 nmi=0.787 mae=0.212
  Voronoi d=90: time=3.05s ssr=57.85 randi=0.962 nmi=0.862 mae=0.140
  Voronoi d=91: time=2.66s ssr=102.43 randi=0.907 nmi=0.793 mae=0.480
  Voronoi d=92: time=4.65s ssr=65.59 randi=0.960 nmi=0.860 mae=0.148
  Voronoi d=93: time=3.22s ssr=57.61 randi=0.951 nmi=0.853 mae=0.138
  Voronoi d=94: time=2.06s ssr=78.48 randi=0.931 nmi=0.806 mae=0.350
  Voronoi d=95: time=1.36s ssr=78.46 randi=0.989 nmi=0.960 mae=0.059
  Voronoi d=96: time=4.25s ssr=70.89 randi=0.944 nmi=0.786 mae=0.223
  Voronoi d=97: time=1.96s ssr=65.66 randi=0.922 nmi=0.807 mae=0.205
  Voronoi d=98: time=3.92s ssr=105.18 randi=0.931 nmi=0.828 mae=0.189
  Voronoi d=99: time=2.15s ssr=99.61 randi=0.925 nmi=0.814 mae=0.190
  Arbitrary d=101: time=2.91s ssr=52.05 randi=0.915 nmi=0.749 mae=0.213
  Arbitrary d=102: time=1.63s ssr=88.45 randi=0.895 nmi=0.701 mae=0.330
  Arbitrary d=103: time=2.39s ssr=63.17 randi=0.959 nmi=0.855 mae=0.169
  Arbitrary d=104: time=1.78s ssr=83.69 randi=0.950 nmi=0.838 mae=0.206
  Arbitrary d=105: time=3.71s ssr=119.80 randi=0.858 nmi=0.680 mae=0.445
  Arbitrary d=106: time=2.01s ssr=91.79 randi=0.937 nmi=0.798 mae=0.225
  Arbitrary d=107: time=1.99s ssr=68.46 randi=0.918 nmi=0.743 mae=0.257
  Arbitrary d=108: time=1.92s ssr=108.11 randi=0.907 nmi=0.774 mae=0.320
  Arbitrary d=109: time=1.96s ssr=107.99 randi=0.901 nmi=0.787 mae=0.404
  Arbitrary d=110: time=2.00s ssr=64.43 randi=0.958 nmi=0.853 mae=0.154
  Arbitrary d=111: time=1.83s ssr=109.72 randi=0.959 nmi=0.859 mae=0.195
  Arbitrary d=112: time=2.51s ssr=72.35 randi=0.943 nmi=0.826 mae=0.165
  Arbitrary d=113: time=3.59s ssr=103.23 randi=0.896 nmi=0.713 mae=0.340
  Arbitrary d=114: time=3.03s ssr=62.60 randi=0.943 nmi=0.843 mae=0.157
  Arbitrary d=115: time=4.21s ssr=110.68 randi=0.821 nmi=0.691 mae=0.400
  Arbitrary d=116: time=1.62s ssr=90.49 randi=0.947 nmi=0.823 mae=0.224
  Arbitrary d=117: time=2.12s ssr=134.52 randi=0.895 nmi=0.758 mae=0.419
  Arbitrary d=118: time=2.49s ssr=69.42 randi=0.905 nmi=0.782 mae=0.303
  Arbitrary d=119: time=2.66s ssr=89.07 randi=0.942 nmi=0.806 mae=0.205
  Arbitrary d=120: time=1.67s ssr=64.17 randi=0.940 nmi=0.816 mae=0.192
  Arbitrary d=121: time=2.72s ssr=77.63 randi=0.944 nmi=0.815 mae=0.203
  Arbitrary d=122: time=1.61s ssr=105.49 randi=0.926 nmi=0.790 mae=0.195
  Arbitrary d=123: time=2.78s ssr=66.65 randi=0.916 nmi=0.756 mae=0.252
  Arbitrary d=124: time=2.19s ssr=63.43 randi=0.941 nmi=0.807 mae=0.189
  Arbitrary d=125: time=1.50s ssr=63.21 randi=0.960 nmi=0.857 mae=0.131
  Arbitrary d=126: time=2.91s ssr=64.74 randi=0.937 nmi=0.821 mae=0.193
  Arbitrary d=127: time=3.58s ssr=91.37 randi=0.922 nmi=0.766 mae=0.305
  Arbitrary d=128: time=2.60s ssr=66.45 randi=0.951 nmi=0.840 mae=0.178
  Arbitrary d=129: time=2.07s ssr=205.38 randi=0.746 nmi=0.615 mae=0.520
  Arbitrary d=130: time=2.47s ssr=69.60 randi=0.956 nmi=0.848 mae=0.146
  Arbitrary d=131: time=3.71s ssr=129.79 randi=0.897 nmi=0.718 mae=0.366
  Arbitrary d=132: time=1.51s ssr=90.89 randi=0.910 nmi=0.765 mae=0.234
  Arbitrary d=133: time=2.78s ssr=77.21 randi=0.895 nmi=0.724 mae=0.315
  Arbitrary d=134: time=1.14s ssr=88.08 randi=0.878 nmi=0.782 mae=0.309
  Arbitrary d=135: time=1.98s ssr=102.59 randi=0.944 nmi=0.807 mae=0.211
  Arbitrary d=136: time=2.57s ssr=58.87 randi=0.962 nmi=0.872 mae=0.152
  Arbitrary d=137: time=1.85s ssr=81.37 randi=0.963 nmi=0.860 mae=0.162
  Arbitrary d=138: time=1.74s ssr=65.56 randi=0.954 nmi=0.853 mae=0.179
  Arbitrary d=139: time=2.04s ssr=83.74 randi=0.937 nmi=0.803 mae=0.229
  Arbitrary d=140: time=2.89s ssr=79.83 randi=0.896 nmi=0.704 mae=0.267
  Arbitrary d=141: time=3.51s ssr=79.67 randi=0.900 nmi=0.709 mae=0.256
  Arbitrary d=142: time=3.24s ssr=101.13 randi=0.864 nmi=0.668 mae=0.398
  Arbitrary d=143: time=2.42s ssr=119.19 randi=0.949 nmi=0.830 mae=0.267
  Arbitrary d=144: time=1.81s ssr=66.98 randi=0.892 nmi=0.761 mae=0.281
  Arbitrary d=145: time=2.84s ssr=70.23 randi=0.933 nmi=0.775 mae=0.301
  Arbitrary d=146: time=1.78s ssr=73.53 randi=0.943 nmi=0.830 mae=0.179
  Arbitrary d=147: time=2.29s ssr=62.20 randi=0.957 nmi=0.866 mae=0.128
  Arbitrary d=148: time=1.18s ssr=61.68 randi=0.900 nmi=0.788 mae=0.279
  Arbitrary d=149: time=1.95s ssr=96.62 randi=0.946 nmi=0.819 mae=0.200
=== OpenEvolve_SpecificGeoKnow done in 358.9s ===

=== GeoEvolve_NoRAG ===
  Rectangular d=1: time=2.59s ssr=83.31 randi=0.875 nmi=0.705 mae=0.354
  Rectangular d=2: time=4.26s ssr=81.20 randi=0.943 nmi=0.833 mae=0.154
  Rectangular d=3: time=2.90s ssr=92.20 randi=0.908 nmi=0.780 mae=0.266
  Rectangular d=4: time=4.40s ssr=65.13 randi=0.813 nmi=0.600 mae=0.436
  Rectangular d=5: time=2.13s ssr=85.04 randi=0.911 nmi=0.749 mae=0.330
  Rectangular d=6: time=2.85s ssr=80.49 randi=0.891 nmi=0.733 mae=0.333
  Rectangular d=7: time=2.33s ssr=80.70 randi=0.970 nmi=0.901 mae=0.236
  Rectangular d=8: time=3.90s ssr=75.16 randi=0.915 nmi=0.758 mae=0.368
  Rectangular d=9: time=2.47s ssr=63.85 randi=0.945 nmi=0.835 mae=0.277
  Rectangular d=10: time=4.02s ssr=72.85 randi=0.961 nmi=0.867 mae=0.237
  Rectangular d=11: time=2.53s ssr=64.65 randi=0.950 nmi=0.841 mae=0.262
  Rectangular d=12: time=3.21s ssr=76.38 randi=0.915 nmi=0.753 mae=0.314
  Rectangular d=13: time=1.84s ssr=61.00 randi=0.967 nmi=0.891 mae=0.161
  Rectangular d=14: time=1.69s ssr=62.05 randi=0.879 nmi=0.752 mae=0.292
  Rectangular d=15: time=2.69s ssr=57.94 randi=0.959 nmi=0.866 mae=0.179
  Rectangular d=16: time=5.36s ssr=70.01 randi=0.916 nmi=0.765 mae=0.294
  Rectangular d=17: time=2.12s ssr=82.61 randi=0.968 nmi=0.894 mae=0.156
  Rectangular d=18: time=3.08s ssr=91.22 randi=0.910 nmi=0.764 mae=0.356
  Rectangular d=19: time=3.07s ssr=70.34 randi=0.905 nmi=0.817 mae=0.263
  Rectangular d=20: time=2.43s ssr=93.50 randi=0.939 nmi=0.855 mae=0.240
  Rectangular d=21: time=2.23s ssr=77.20 randi=0.918 nmi=0.827 mae=0.222
  Rectangular d=22: time=2.72s ssr=91.46 randi=0.968 nmi=0.891 mae=0.131
  Rectangular d=23: time=2.02s ssr=57.62 randi=0.964 nmi=0.881 mae=0.167
  Rectangular d=24: time=4.51s ssr=76.98 randi=0.880 nmi=0.706 mae=0.342
  Rectangular d=25: time=1.44s ssr=55.88 randi=0.979 nmi=0.927 mae=0.066
  Rectangular d=26: time=2.34s ssr=62.32 randi=0.966 nmi=0.887 mae=0.122
  Rectangular d=27: time=1.82s ssr=61.20 randi=0.978 nmi=0.921 mae=0.099
  Rectangular d=28: time=1.94s ssr=67.85 randi=0.974 nmi=0.907 mae=0.137
  Rectangular d=29: time=3.65s ssr=64.44 randi=0.941 nmi=0.826 mae=0.225
  Rectangular d=30: time=3.67s ssr=64.51 randi=0.870 nmi=0.695 mae=0.368
  Rectangular d=31: time=2.43s ssr=65.54 randi=0.953 nmi=0.854 mae=0.125
  Rectangular d=32: time=5.86s ssr=70.35 randi=0.942 nmi=0.810 mae=0.282
  Rectangular d=33: time=2.23s ssr=93.99 randi=0.953 nmi=0.851 mae=0.183
  Rectangular d=34: time=2.40s ssr=64.79 randi=0.917 nmi=0.772 mae=0.266
  Rectangular d=35: time=2.21s ssr=55.94 randi=0.926 nmi=0.836 mae=0.246
  Rectangular d=36: time=1.54s ssr=73.31 randi=0.874 nmi=0.777 mae=0.291
  Rectangular d=37: time=3.80s ssr=63.49 randi=0.927 nmi=0.817 mae=0.203
  Rectangular d=38: time=3.73s ssr=81.20 randi=0.965 nmi=0.882 mae=0.237
  Rectangular d=39: time=2.67s ssr=58.95 randi=0.954 nmi=0.860 mae=0.149
  Rectangular d=40: time=2.48s ssr=92.05 randi=0.903 nmi=0.822 mae=0.283
  Rectangular d=41: time=2.28s ssr=71.64 randi=0.968 nmi=0.905 mae=0.145
  Rectangular d=42: time=2.28s ssr=73.49 randi=0.972 nmi=0.899 mae=0.172
  Rectangular d=43: time=5.05s ssr=94.00 randi=0.952 nmi=0.847 mae=0.173
  Rectangular d=44: time=1.96s ssr=92.28 randi=0.876 nmi=0.779 mae=0.579
  Rectangular d=45: time=1.84s ssr=63.35 randi=0.967 nmi=0.885 mae=0.179
  Rectangular d=46: time=2.73s ssr=56.36 randi=0.975 nmi=0.917 mae=0.121
  Rectangular d=47: time=3.19s ssr=78.06 randi=0.934 nmi=0.808 mae=0.277
  Rectangular d=48: time=3.07s ssr=54.73 randi=0.926 nmi=0.793 mae=0.242
  Rectangular d=49: time=1.90s ssr=73.03 randi=0.969 nmi=0.897 mae=0.155
  Voronoi d=51: time=3.23s ssr=73.12 randi=0.974 nmi=0.895 mae=0.144
  Voronoi d=52: time=2.52s ssr=59.57 randi=0.973 nmi=0.904 mae=0.133
  Voronoi d=53: time=2.03s ssr=94.09 randi=0.940 nmi=0.866 mae=0.161
  Voronoi d=54: time=2.28s ssr=87.45 randi=0.962 nmi=0.878 mae=0.172
  Voronoi d=55: time=2.93s ssr=71.81 randi=0.916 nmi=0.791 mae=0.265
  Voronoi d=56: time=2.00s ssr=67.75 randi=0.981 nmi=0.922 mae=0.090
  Voronoi d=57: time=1.97s ssr=57.12 randi=0.964 nmi=0.895 mae=0.124
  Voronoi d=58: time=5.28s ssr=69.88 randi=0.948 nmi=0.841 mae=0.139
  Voronoi d=59: time=1.91s ssr=66.60 randi=0.970 nmi=0.900 mae=0.118
  Voronoi d=60: time=2.51s ssr=57.70 randi=0.992 nmi=0.965 mae=0.045
  Voronoi d=61: time=2.51s ssr=68.00 randi=0.962 nmi=0.865 mae=0.165
  Voronoi d=62: time=4.66s ssr=68.52 randi=0.941 nmi=0.818 mae=0.203
  Voronoi d=63: time=4.25s ssr=71.13 randi=0.950 nmi=0.838 mae=0.168
  Voronoi d=64: time=1.73s ssr=70.03 randi=0.960 nmi=0.854 mae=0.177
  Voronoi d=65: time=1.93s ssr=64.53 randi=0.970 nmi=0.893 mae=0.130
  Voronoi d=66: time=3.33s ssr=67.77 randi=0.957 nmi=0.861 mae=0.152
  Voronoi d=67: time=1.81s ssr=101.89 randi=0.978 nmi=0.927 mae=0.111
  Voronoi d=68: time=4.50s ssr=59.24 randi=0.938 nmi=0.806 mae=0.203
  Voronoi d=69: time=2.15s ssr=72.25 randi=0.946 nmi=0.832 mae=0.157
  Voronoi d=70: time=2.23s ssr=91.07 randi=0.792 nmi=0.641 mae=0.488
  Voronoi d=71: time=2.43s ssr=69.78 randi=0.916 nmi=0.779 mae=0.201
  Voronoi d=72: time=1.85s ssr=69.28 randi=0.958 nmi=0.865 mae=0.167
  Voronoi d=73: time=3.29s ssr=62.66 randi=0.979 nmi=0.907 mae=0.128
  Voronoi d=74: time=3.03s ssr=67.81 randi=0.962 nmi=0.868 mae=0.122
  Voronoi d=75: time=1.80s ssr=87.53 randi=0.980 nmi=0.913 mae=0.118
  Voronoi d=76: time=2.44s ssr=61.04 randi=0.985 nmi=0.940 mae=0.105
  Voronoi d=77: time=1.83s ssr=81.57 randi=0.950 nmi=0.802 mae=0.247
  Voronoi d=78: time=2.06s ssr=58.02 randi=0.971 nmi=0.893 mae=0.114
  Voronoi d=79: time=3.76s ssr=55.24 randi=0.961 nmi=0.886 mae=0.104
  Voronoi d=80: time=4.92s ssr=85.18 randi=0.964 nmi=0.864 mae=0.157
  Voronoi d=81: time=2.67s ssr=64.12 randi=0.932 nmi=0.824 mae=0.223
  Voronoi d=82: time=3.60s ssr=65.95 randi=0.943 nmi=0.820 mae=0.208
  Voronoi d=83: time=2.64s ssr=75.36 randi=0.958 nmi=0.861 mae=0.185
  Voronoi d=84: time=3.51s ssr=83.53 randi=0.861 nmi=0.710 mae=0.374
  Voronoi d=85: time=2.28s ssr=61.46 randi=0.980 nmi=0.919 mae=0.111
  Voronoi d=86: time=2.16s ssr=76.32 randi=0.974 nmi=0.903 mae=0.141
  Voronoi d=87: time=2.53s ssr=58.02 randi=0.903 nmi=0.738 mae=0.271
  Voronoi d=88: time=2.59s ssr=77.43 randi=0.953 nmi=0.862 mae=0.158
  Voronoi d=89: time=4.12s ssr=66.11 randi=0.953 nmi=0.829 mae=0.231
  Voronoi d=90: time=2.34s ssr=83.77 randi=0.953 nmi=0.850 mae=0.190
  Voronoi d=91: time=3.42s ssr=76.78 randi=0.960 nmi=0.854 mae=0.167
  Voronoi d=92: time=4.25s ssr=62.58 randi=0.944 nmi=0.815 mae=0.200
  Voronoi d=93: time=3.66s ssr=65.65 randi=0.951 nmi=0.844 mae=0.145
  Voronoi d=94: time=4.47s ssr=75.23 randi=0.949 nmi=0.820 mae=0.231
  Voronoi d=95: time=1.99s ssr=64.18 randi=0.985 nmi=0.944 mae=0.090
  Voronoi d=96: time=3.46s ssr=65.86 randi=0.946 nmi=0.822 mae=0.186
  Voronoi d=97: time=3.24s ssr=82.99 randi=0.948 nmi=0.817 mae=0.223
  Voronoi d=98: time=2.42s ssr=59.91 randi=0.981 nmi=0.937 mae=0.098
  Voronoi d=99: time=1.96s ssr=96.32 randi=0.927 nmi=0.822 mae=0.207
  Arbitrary d=101: time=4.42s ssr=57.15 randi=0.907 nmi=0.711 mae=0.263
  Arbitrary d=102: time=2.19s ssr=91.14 randi=0.841 nmi=0.685 mae=0.438
  Arbitrary d=103: time=3.53s ssr=100.43 randi=0.951 nmi=0.831 mae=0.219
  Arbitrary d=104: time=4.05s ssr=72.69 randi=0.923 nmi=0.804 mae=0.203
  Arbitrary d=105: time=4.48s ssr=105.98 randi=0.900 nmi=0.714 mae=0.308
  Arbitrary d=106: time=2.65s ssr=75.16 randi=0.948 nmi=0.827 mae=0.203
  Arbitrary d=107: time=3.22s ssr=75.74 randi=0.873 nmi=0.726 mae=0.380
  Arbitrary d=108: time=2.68s ssr=78.68 randi=0.967 nmi=0.876 mae=0.116
  Arbitrary d=109: time=1.95s ssr=76.58 randi=0.941 nmi=0.824 mae=0.238
  Arbitrary d=110: time=2.38s ssr=90.71 randi=0.950 nmi=0.834 mae=0.194
  Arbitrary d=111: time=1.70s ssr=79.48 randi=0.960 nmi=0.890 mae=0.149
  Arbitrary d=112: time=2.66s ssr=75.86 randi=0.947 nmi=0.830 mae=0.225
  Arbitrary d=113: time=2.81s ssr=72.89 randi=0.862 nmi=0.692 mae=0.392
  Arbitrary d=114: time=3.98s ssr=83.90 randi=0.907 nmi=0.757 mae=0.239
  Arbitrary d=115: time=3.93s ssr=70.31 randi=0.947 nmi=0.815 mae=0.219
  Arbitrary d=116: time=2.44s ssr=89.43 randi=0.967 nmi=0.887 mae=0.153
  Arbitrary d=117: time=2.15s ssr=76.77 randi=0.954 nmi=0.841 mae=0.183
  Arbitrary d=118: time=3.46s ssr=84.85 randi=0.922 nmi=0.751 mae=0.224
  Arbitrary d=119: time=3.60s ssr=95.74 randi=0.945 nmi=0.818 mae=0.219
  Arbitrary d=120: time=3.01s ssr=85.71 randi=0.839 nmi=0.694 mae=0.395
  Arbitrary d=121: time=3.21s ssr=116.69 randi=0.855 nmi=0.696 mae=0.465
  Arbitrary d=122: time=2.43s ssr=100.47 randi=0.845 nmi=0.666 mae=0.401
  Arbitrary d=123: time=3.32s ssr=75.64 randi=0.928 nmi=0.784 mae=0.235
  Arbitrary d=124: time=2.65s ssr=65.10 randi=0.941 nmi=0.818 mae=0.214
  Arbitrary d=125: time=3.20s ssr=71.67 randi=0.965 nmi=0.872 mae=0.145
  Arbitrary d=126: time=2.57s ssr=86.08 randi=0.924 nmi=0.786 mae=0.296
  Arbitrary d=127: time=3.48s ssr=89.65 randi=0.875 nmi=0.723 mae=0.331
  Arbitrary d=128: time=2.10s ssr=83.89 randi=0.932 nmi=0.797 mae=0.209
  Arbitrary d=129: time=1.75s ssr=200.46 randi=0.749 nmi=0.627 mae=0.503
  Arbitrary d=130: time=1.90s ssr=88.66 randi=0.928 nmi=0.792 mae=0.239
  Arbitrary d=131: time=2.77s ssr=103.80 randi=0.837 nmi=0.696 mae=0.415
  Arbitrary d=132: time=2.53s ssr=100.53 randi=0.915 nmi=0.770 mae=0.223
  Arbitrary d=133: time=2.28s ssr=86.10 randi=0.882 nmi=0.688 mae=0.364
  Arbitrary d=134: time=2.81s ssr=136.56 randi=0.920 nmi=0.768 mae=0.242
  Arbitrary d=135: time=2.91s ssr=117.71 randi=0.911 nmi=0.756 mae=0.361
  Arbitrary d=136: time=6.66s ssr=82.18 randi=0.915 nmi=0.742 mae=0.284
  Arbitrary d=137: time=2.83s ssr=138.80 randi=0.934 nmi=0.790 mae=0.311
  Arbitrary d=138: time=2.73s ssr=79.17 randi=0.945 nmi=0.824 mae=0.250
  Arbitrary d=139: time=3.13s ssr=106.55 randi=0.881 nmi=0.729 mae=0.498
  Arbitrary d=140: time=6.62s ssr=76.28 randi=0.894 nmi=0.697 mae=0.303
  Arbitrary d=141: time=4.28s ssr=78.13 randi=0.907 nmi=0.720 mae=0.246
  Arbitrary d=142: time=3.61s ssr=107.45 randi=0.872 nmi=0.681 mae=0.407
  Arbitrary d=143: time=3.93s ssr=137.16 randi=0.932 nmi=0.783 mae=0.242
  Arbitrary d=144: time=3.78s ssr=94.57 randi=0.853 nmi=0.708 mae=0.427
  Arbitrary d=145: time=4.05s ssr=96.12 randi=0.891 nmi=0.695 mae=0.385
  Arbitrary d=146: time=4.61s ssr=100.12 randi=0.937 nmi=0.801 mae=0.192
  Arbitrary d=147: time=1.92s ssr=76.03 randi=0.946 nmi=0.825 mae=0.165
  Arbitrary d=148: time=1.53s ssr=75.05 randi=0.886 nmi=0.762 mae=0.299
  Arbitrary d=149: time=2.70s ssr=91.46 randi=0.938 nmi=0.794 mae=0.229
=== GeoEvolve_NoRAG done in 441.8s ===

=== GeoEvolve_StaticRAG ===
  Rectangular d=1: time=19.07s ssr=59.89 randi=0.883 nmi=0.793 mae=0.275
  Rectangular d=2: time=21.47s ssr=54.14 randi=0.991 nmi=0.966 mae=0.039
  Rectangular d=3: time=15.02s ssr=60.20 randi=0.967 nmi=0.929 mae=0.154
  Rectangular d=4: time=25.94s ssr=60.42 randi=0.861 nmi=0.672 mae=0.324
  Rectangular d=5: time=21.06s ssr=50.28 randi=0.995 nmi=0.980 mae=0.098
  Rectangular d=6: time=16.79s ssr=54.26 randi=0.972 nmi=0.911 mae=0.134
  Rectangular d=7: time=18.47s ssr=57.13 randi=0.996 nmi=0.984 mae=0.085
  Rectangular d=8: time=22.37s ssr=65.42 randi=0.955 nmi=0.893 mae=0.221
  Rectangular d=9: time=18.45s ssr=54.24 randi=0.995 nmi=0.980 mae=0.112
  Rectangular d=10: time=21.64s ssr=51.30 randi=0.996 nmi=0.986 mae=0.098
  Rectangular d=11: time=25.99s ssr=51.07 randi=0.985 nmi=0.940 mae=0.106
  Rectangular d=12: time=17.12s ssr=51.43 randi=0.994 nmi=0.977 mae=0.038
  Rectangular d=13: time=15.09s ssr=50.30 randi=0.996 nmi=0.986 mae=0.059
  Rectangular d=14: time=17.14s ssr=63.69 randi=0.887 nmi=0.811 mae=0.289
  Rectangular d=15: time=19.46s ssr=50.74 randi=0.996 nmi=0.986 mae=0.079
  Rectangular d=16: time=22.85s ssr=58.59 randi=0.982 nmi=0.942 mae=0.071
  Rectangular d=17: time=16.30s ssr=53.92 randi=0.999 nmi=0.994 mae=0.046
  Rectangular d=18: time=20.40s ssr=76.10 randi=0.941 nmi=0.874 mae=0.297
  Rectangular d=19: time=22.85s ssr=57.94 randi=0.926 nmi=0.856 mae=0.202
  Rectangular d=20: time=19.35s ssr=49.22 randi=0.995 nmi=0.982 mae=0.080
  Rectangular d=21: time=17.78s ssr=67.20 randi=0.912 nmi=0.878 mae=0.230
  Rectangular d=22: time=18.67s ssr=60.83 randi=0.999 nmi=0.994 mae=0.031
  Rectangular d=23: time=18.53s ssr=53.46 randi=0.992 nmi=0.970 mae=0.075
  Rectangular d=24: time=20.45s ssr=48.83 randi=0.966 nmi=0.901 mae=0.135
  Rectangular d=25: time=17.03s ssr=50.34 randi=0.992 nmi=0.970 mae=0.039
  Rectangular d=26: time=20.92s ssr=52.29 randi=0.992 nmi=0.972 mae=0.051
  Rectangular d=27: time=16.41s ssr=56.05 randi=1.000 nmi=1.000 mae=0.049
  Rectangular d=28: time=17.41s ssr=56.49 randi=0.995 nmi=0.980 mae=0.076
  Rectangular d=29: time=22.01s ssr=53.74 randi=0.983 nmi=0.937 mae=0.096
  Rectangular d=30: time=22.98s ssr=60.74 randi=0.905 nmi=0.787 mae=0.243
  Rectangular d=31: time=19.37s ssr=59.27 randi=0.969 nmi=0.932 mae=0.066
  Rectangular d=32: time=24.71s ssr=50.23 randi=1.000 nmi=1.000 mae=0.053
  Rectangular d=33: time=19.19s ssr=73.06 randi=0.932 nmi=0.884 mae=0.237
  Rectangular d=34: time=20.69s ssr=57.04 randi=0.919 nmi=0.861 mae=0.227
  Rectangular d=35: time=23.08s ssr=49.36 randi=0.986 nmi=0.954 mae=0.082
  Rectangular d=36: time=17.17s ssr=51.67 randi=0.969 nmi=0.908 mae=0.120
  Rectangular d=37: time=20.26s ssr=57.54 randi=0.919 nmi=0.848 mae=0.261
  Rectangular d=38: time=22.62s ssr=58.61 randi=0.996 nmi=0.984 mae=0.075
  Rectangular d=39: time=18.88s ssr=65.28 randi=0.917 nmi=0.870 mae=0.262
  Rectangular d=40: time=14.78s ssr=70.99 randi=0.912 nmi=0.875 mae=0.254
  Rectangular d=41: time=18.31s ssr=50.53 randi=0.997 nmi=0.990 mae=0.076
  Rectangular d=42: time=18.11s ssr=58.17 randi=0.992 nmi=0.968 mae=0.080
  Rectangular d=43: time=15.04s ssr=96.66 randi=0.902 nmi=0.851 mae=0.341
  Rectangular d=44: time=18.04s ssr=54.75 randi=0.989 nmi=0.959 mae=0.125
  Rectangular d=45: time=16.73s ssr=55.85 randi=0.992 nmi=0.973 mae=0.074
  Rectangular d=46: time=18.08s ssr=52.74 randi=1.000 nmi=1.000 mae=0.039
  Rectangular d=47: time=19.39s ssr=55.31 randi=0.986 nmi=0.948 mae=0.117
  Rectangular d=48: time=19.75s ssr=61.47 randi=0.910 nmi=0.824 mae=0.253
  Rectangular d=49: time=17.21s ssr=53.00 randi=0.997 nmi=0.990 mae=0.070
  Voronoi d=51: time=16.18s ssr=55.67 randi=0.998 nmi=0.987 mae=0.061
  Voronoi d=52: time=15.87s ssr=66.69 randi=0.965 nmi=0.900 mae=0.222
  Voronoi d=53: time=16.74s ssr=93.00 randi=0.934 nmi=0.874 mae=0.174
  Voronoi d=54: time=19.89s ssr=55.75 randi=0.983 nmi=0.942 mae=0.091
  Voronoi d=55: time=19.91s ssr=51.12 randi=0.979 nmi=0.919 mae=0.116
  Voronoi d=56: time=15.87s ssr=85.00 randi=0.915 nmi=0.859 mae=0.309
  Voronoi d=57: time=15.10s ssr=50.36 randi=0.984 nmi=0.947 mae=0.068
  Voronoi d=58: time=16.32s ssr=54.56 randi=0.983 nmi=0.951 mae=0.064
  Voronoi d=59: time=20.56s ssr=52.35 randi=0.992 nmi=0.976 mae=0.087
  Voronoi d=60: time=20.55s ssr=54.47 randi=0.991 nmi=0.965 mae=0.051
  Voronoi d=61: time=16.12s ssr=50.11 randi=0.994 nmi=0.976 mae=0.059
  Voronoi d=62: time=24.65s ssr=55.67 randi=0.967 nmi=0.900 mae=0.130
  Voronoi d=63: time=17.92s ssr=60.12 randi=0.980 nmi=0.924 mae=0.094
  Voronoi d=64: time=17.32s ssr=56.36 randi=0.990 nmi=0.954 mae=0.076
  Voronoi d=65: time=18.01s ssr=58.09 randi=0.996 nmi=0.982 mae=0.064
  Voronoi d=66: time=19.41s ssr=58.14 randi=0.969 nmi=0.905 mae=0.127
  Voronoi d=67: time=15.66s ssr=50.10 randi=0.997 nmi=0.982 mae=0.057
  Voronoi d=68: time=23.16s ssr=51.86 randi=0.976 nmi=0.921 mae=0.096
  Voronoi d=69: time=16.10s ssr=62.88 randi=0.967 nmi=0.890 mae=0.080
  Voronoi d=70: time=18.75s ssr=54.09 randi=0.976 nmi=0.914 mae=0.117
  Voronoi d=71: time=20.52s ssr=63.61 randi=0.952 nmi=0.866 mae=0.143
  Voronoi d=72: time=18.83s ssr=48.78 randi=0.998 nmi=0.990 mae=0.060
  Voronoi d=73: time=17.33s ssr=57.37 randi=0.998 nmi=0.985 mae=0.054
  Voronoi d=74: time=19.97s ssr=56.77 randi=0.975 nmi=0.922 mae=0.072
  Voronoi d=75: time=17.41s ssr=54.82 randi=0.994 nmi=0.964 mae=0.056
  Voronoi d=76: time=18.30s ssr=48.64 randi=0.994 nmi=0.979 mae=0.081
  Voronoi d=77: time=16.07s ssr=53.80 randi=0.992 nmi=0.950 mae=0.108
  Voronoi d=78: time=14.95s ssr=53.26 randi=0.989 nmi=0.951 mae=0.079
  Voronoi d=79: time=22.87s ssr=50.07 randi=0.976 nmi=0.930 mae=0.090
  Voronoi d=80: time=23.91s ssr=53.63 randi=0.979 nmi=0.923 mae=0.116
  Voronoi d=81: time=14.06s ssr=52.20 randi=0.950 nmi=0.887 mae=0.168
  Voronoi d=82: time=18.09s ssr=55.48 randi=0.920 nmi=0.833 mae=0.203
  Voronoi d=83: time=19.68s ssr=51.62 randi=0.991 nmi=0.961 mae=0.102
  Voronoi d=84: time=20.17s ssr=67.38 randi=0.931 nmi=0.812 mae=0.205
  Voronoi d=85: time=22.85s ssr=54.86 randi=0.990 nmi=0.963 mae=0.066
  Voronoi d=86: time=16.10s ssr=50.50 randi=0.993 nmi=0.970 mae=0.079
  Voronoi d=87: time=18.56s ssr=51.59 randi=0.911 nmi=0.764 mae=0.235
  Voronoi d=88: time=19.05s ssr=50.72 randi=0.996 nmi=0.981 mae=0.059
  Voronoi d=89: time=26.65s ssr=53.64 randi=0.979 nmi=0.922 mae=0.148
  Voronoi d=90: time=15.48s ssr=53.48 randi=0.986 nmi=0.944 mae=0.071
  Voronoi d=91: time=21.25s ssr=57.93 randi=0.981 nmi=0.935 mae=0.112
  Voronoi d=92: time=21.55s ssr=56.52 randi=0.954 nmi=0.859 mae=0.152
  Voronoi d=93: time=22.98s ssr=52.46 randi=0.981 nmi=0.934 mae=0.070
  Voronoi d=94: time=21.65s ssr=62.53 randi=0.968 nmi=0.884 mae=0.194
  Voronoi d=95: time=17.60s ssr=55.97 randi=0.990 nmi=0.967 mae=0.049
  Voronoi d=96: time=21.79s ssr=55.44 randi=0.986 nmi=0.936 mae=0.074
  Voronoi d=97: time=20.18s ssr=52.83 randi=0.964 nmi=0.889 mae=0.092
  Voronoi d=98: time=17.36s ssr=56.49 randi=0.985 nmi=0.949 mae=0.097
  Voronoi d=99: time=16.37s ssr=88.84 randi=0.909 nmi=0.807 mae=0.201
  Arbitrary d=101: time=28.76s ssr=49.28 randi=0.934 nmi=0.790 mae=0.190
  Arbitrary d=102: time=17.01s ssr=59.13 randi=0.908 nmi=0.757 mae=0.208
  Arbitrary d=103: time=21.54s ssr=65.13 randi=0.969 nmi=0.895 mae=0.127
  Arbitrary d=104: time=17.36s ssr=57.52 randi=0.955 nmi=0.877 mae=0.129
  Arbitrary d=105: time=22.29s ssr=65.25 randi=0.960 nmi=0.876 mae=0.149
  Arbitrary d=106: time=16.87s ssr=67.92 randi=0.956 nmi=0.861 mae=0.135
  Arbitrary d=107: time=22.71s ssr=50.15 randi=0.945 nmi=0.834 mae=0.152
  Arbitrary d=108: time=17.65s ssr=57.41 randi=0.986 nmi=0.950 mae=0.079
  Arbitrary d=109: time=18.37s ssr=89.12 randi=0.903 nmi=0.838 mae=0.366
  Arbitrary d=110: time=18.78s ssr=56.49 randi=0.976 nmi=0.914 mae=0.113
  Arbitrary d=111: time=19.65s ssr=68.38 randi=0.974 nmi=0.918 mae=0.109
  Arbitrary d=112: time=22.76s ssr=63.97 randi=0.963 nmi=0.885 mae=0.162
  Arbitrary d=113: time=23.27s ssr=54.53 randi=0.942 nmi=0.819 mae=0.177
  Arbitrary d=114: time=18.80s ssr=70.90 randi=0.902 nmi=0.833 mae=0.234
  Arbitrary d=115: time=21.59s ssr=63.36 randi=0.845 nmi=0.782 mae=0.311
  Arbitrary d=116: time=17.76s ssr=54.78 randi=0.990 nmi=0.959 mae=0.079
  Arbitrary d=117: time=16.45s ssr=55.84 randi=0.981 nmi=0.925 mae=0.084
  Arbitrary d=118: time=22.96s ssr=57.41 randi=0.913 nmi=0.825 mae=0.264
  Arbitrary d=119: time=20.69s ssr=62.51 randi=0.982 nmi=0.930 mae=0.118
  Arbitrary d=120: time=23.04s ssr=53.74 randi=0.972 nmi=0.902 mae=0.117
  Arbitrary d=121: time=21.62s ssr=95.71 randi=0.942 nmi=0.844 mae=0.263
  Arbitrary d=122: time=16.06s ssr=63.63 randi=0.941 nmi=0.844 mae=0.197
  Arbitrary d=123: time=22.57s ssr=55.06 randi=0.950 nmi=0.868 mae=0.136
  Arbitrary d=124: time=23.77s ssr=61.50 randi=0.933 nmi=0.869 mae=0.228
  Arbitrary d=125: time=20.34s ssr=54.95 randi=0.985 nmi=0.942 mae=0.079
  Arbitrary d=126: time=18.01s ssr=56.90 randi=0.942 nmi=0.840 mae=0.179
  Arbitrary d=127: time=21.60s ssr=53.04 randi=0.981 nmi=0.920 mae=0.112
  Arbitrary d=128: time=14.07s ssr=61.42 randi=0.947 nmi=0.843 mae=0.189
  Arbitrary d=129: time=16.36s ssr=97.01 randi=0.899 nmi=0.838 mae=0.354
  Arbitrary d=130: time=15.49s ssr=67.57 randi=0.939 nmi=0.812 mae=0.197
  Arbitrary d=131: time=20.34s ssr=62.70 randi=0.965 nmi=0.889 mae=0.119
  Arbitrary d=132: time=15.35s ssr=69.61 randi=0.892 nmi=0.803 mae=0.268
  Arbitrary d=133: time=22.60s ssr=74.61 randi=0.911 nmi=0.771 mae=0.307
  Arbitrary d=134: time=14.70s ssr=51.80 randi=0.972 nmi=0.914 mae=0.102
  Arbitrary d=135: time=19.29s ssr=59.78 randi=0.940 nmi=0.853 mae=0.201
  Arbitrary d=136: time=31.12s ssr=57.50 randi=0.961 nmi=0.865 mae=0.138
  Arbitrary d=137: time=19.54s ssr=59.80 randi=0.977 nmi=0.921 mae=0.110
  Arbitrary d=138: time=18.29s ssr=56.13 randi=0.974 nmi=0.914 mae=0.120
  Arbitrary d=139: time=18.01s ssr=72.46 randi=0.957 nmi=0.857 mae=0.166
  Arbitrary d=140: time=22.91s ssr=58.31 randi=0.962 nmi=0.869 mae=0.122
  Arbitrary d=141: time=26.02s ssr=60.46 randi=0.902 nmi=0.735 mae=0.223
  Arbitrary d=142: time=24.07s ssr=55.33 randi=0.962 nmi=0.869 mae=0.114
  Arbitrary d=143: time=19.67s ssr=57.49 randi=0.982 nmi=0.932 mae=0.116
  Arbitrary d=144: time=19.41s ssr=58.59 randi=0.914 nmi=0.832 mae=0.195
  Arbitrary d=145: time=24.47s ssr=55.07 randi=0.963 nmi=0.868 mae=0.179
  Arbitrary d=146: time=19.51s ssr=80.09 randi=0.951 nmi=0.874 mae=0.216
  Arbitrary d=147: time=16.82s ssr=81.18 randi=0.913 nmi=0.820 mae=0.284
  Arbitrary d=148: time=16.34s ssr=62.51 randi=0.890 nmi=0.780 mae=0.315
  Arbitrary d=149: time=19.13s ssr=64.24 randi=0.967 nmi=0.878 mae=0.153
=== GeoEvolve_StaticRAG done in 2867.8s ===

=== GeoEvolve_DynamicRAG ===
  Rectangular d=1: time=17.17s ssr=86.69 randi=0.892 nmi=0.732 mae=0.310
  Rectangular d=2: time=18.51s ssr=69.77 randi=0.971 nmi=0.902 mae=0.090
  Rectangular d=3: time=17.49s ssr=58.37 randi=0.961 nmi=0.871 mae=0.131
  Rectangular d=4: time=23.19s ssr=66.25 randi=0.850 nmi=0.596 mae=0.314
  Rectangular d=5: time=18.47s ssr=60.76 randi=0.972 nmi=0.899 mae=0.153
  Rectangular d=6: time=19.19s ssr=69.67 randi=0.919 nmi=0.763 mae=0.245
  Rectangular d=7: time=16.12s ssr=74.59 randi=0.975 nmi=0.909 mae=0.148
  Rectangular d=8: time=21.66s ssr=60.68 randi=0.957 nmi=0.857 mae=0.191
  Rectangular d=9: time=16.54s ssr=72.13 randi=0.963 nmi=0.871 mae=0.212
  Rectangular d=10: time=19.97s ssr=57.96 randi=0.969 nmi=0.890 mae=0.178
  Rectangular d=11: time=18.98s ssr=61.69 randi=0.935 nmi=0.800 mae=0.289
  Rectangular d=12: time=15.59s ssr=78.45 randi=0.943 nmi=0.812 mae=0.246
  Rectangular d=13: time=15.89s ssr=55.69 randi=0.984 nmi=0.938 mae=0.101
  Rectangular d=14: time=16.28s ssr=70.77 randi=0.927 nmi=0.794 mae=0.166
  Rectangular d=15: time=16.90s ssr=60.18 randi=0.969 nmi=0.889 mae=0.153
  Rectangular d=16: time=21.51s ssr=68.26 randi=0.941 nmi=0.819 mae=0.203
  Rectangular d=17: time=15.88s ssr=74.42 randi=0.972 nmi=0.904 mae=0.099
  Rectangular d=18: time=19.57s ssr=79.06 randi=0.940 nmi=0.809 mae=0.284
  Rectangular d=19: time=22.96s ssr=66.02 randi=0.924 nmi=0.799 mae=0.226
  Rectangular d=20: time=17.03s ssr=143.93 randi=0.958 nmi=0.865 mae=0.239
  Rectangular d=21: time=15.65s ssr=69.13 randi=0.951 nmi=0.861 mae=0.130
  Rectangular d=22: time=19.69s ssr=88.58 randi=0.970 nmi=0.891 mae=0.138
  Rectangular d=23: time=19.79s ssr=85.85 randi=0.957 nmi=0.855 mae=0.224
  Rectangular d=24: time=20.66s ssr=55.16 randi=0.936 nmi=0.797 mae=0.196
  Rectangular d=25: time=16.01s ssr=50.93 randi=0.983 nmi=0.936 mae=0.059
  Rectangular d=26: time=17.27s ssr=76.02 randi=0.951 nmi=0.844 mae=0.180
  Rectangular d=27: time=15.63s ssr=89.53 randi=0.972 nmi=0.901 mae=0.116
  Rectangular d=28: time=16.99s ssr=89.35 randi=0.972 nmi=0.894 mae=0.147
  Rectangular d=29: time=19.26s ssr=89.02 randi=0.956 nmi=0.850 mae=0.198
  Rectangular d=30: time=23.89s ssr=55.83 randi=0.916 nmi=0.754 mae=0.260
  Rectangular d=31: time=19.70s ssr=97.89 randi=0.912 nmi=0.800 mae=0.278
  Rectangular d=32: time=21.38s ssr=73.63 randi=0.956 nmi=0.849 mae=0.253
  Rectangular d=33: time=18.14s ssr=127.39 randi=0.964 nmi=0.872 mae=0.184
  Rectangular d=34: time=18.24s ssr=71.29 randi=0.940 nmi=0.813 mae=0.166
  Rectangular d=35: time=18.76s ssr=76.04 randi=0.946 nmi=0.838 mae=0.208
  Rectangular d=36: time=18.50s ssr=72.76 randi=0.930 nmi=0.806 mae=0.195
  Rectangular d=37: time=18.08s ssr=56.86 randi=0.942 nmi=0.826 mae=0.167
  Rectangular d=38: time=20.81s ssr=74.79 randi=0.969 nmi=0.896 mae=0.192
  Rectangular d=39: time=17.58s ssr=72.82 randi=0.953 nmi=0.847 mae=0.171
  Rectangular d=40: time=18.17s ssr=112.19 randi=0.946 nmi=0.828 mae=0.201
  Rectangular d=41: time=17.53s ssr=103.02 randi=0.963 nmi=0.870 mae=0.158
  Rectangular d=42: time=18.27s ssr=91.93 randi=0.968 nmi=0.887 mae=0.181
  Rectangular d=43: time=16.80s ssr=97.86 randi=0.943 nmi=0.822 mae=0.175
  Rectangular d=44: time=19.53s ssr=81.51 randi=0.947 nmi=0.831 mae=0.270
  Rectangular d=45: time=16.98s ssr=93.61 randi=0.960 nmi=0.868 mae=0.189
  Rectangular d=46: time=18.82s ssr=92.56 randi=0.979 nmi=0.920 mae=0.130
  Rectangular d=47: time=16.87s ssr=78.81 randi=0.948 nmi=0.833 mae=0.204
  Rectangular d=48: time=21.65s ssr=57.10 randi=0.953 nmi=0.841 mae=0.171
  Rectangular d=49: time=15.27s ssr=64.82 randi=0.977 nmi=0.913 mae=0.143
  Voronoi d=51: time=18.18s ssr=74.27 randi=0.967 nmi=0.858 mae=0.205
  Voronoi d=52: time=19.37s ssr=70.96 randi=0.979 nmi=0.918 mae=0.116
  Voronoi d=53: time=15.89s ssr=125.65 randi=0.925 nmi=0.837 mae=0.205
  Voronoi d=54: time=19.02s ssr=62.14 randi=0.959 nmi=0.870 mae=0.135
  Voronoi d=55: time=16.62s ssr=56.37 randi=0.919 nmi=0.762 mae=0.226
  Voronoi d=56: time=17.18s ssr=169.43 randi=0.957 nmi=0.847 mae=0.202
  Voronoi d=57: time=15.06s ssr=84.90 randi=0.963 nmi=0.857 mae=0.184
  Voronoi d=58: time=19.09s ssr=64.23 randi=0.915 nmi=0.796 mae=0.203
  Voronoi d=59: time=17.49s ssr=62.99 randi=0.957 nmi=0.873 mae=0.158
  Voronoi d=60: time=16.57s ssr=79.01 randi=0.960 nmi=0.853 mae=0.131
  Voronoi d=61: time=14.82s ssr=96.86 randi=0.952 nmi=0.831 mae=0.215
  Voronoi d=62: time=18.57s ssr=56.04 randi=0.972 nmi=0.905 mae=0.119
  Voronoi d=63: time=20.78s ssr=86.69 randi=0.937 nmi=0.822 mae=0.160
  Voronoi d=64: time=15.54s ssr=112.46 randi=0.948 nmi=0.824 mae=0.215
  Voronoi d=65: time=16.50s ssr=97.86 randi=0.940 nmi=0.799 mae=0.243
  Voronoi d=66: time=17.05s ssr=76.74 randi=0.942 nmi=0.821 mae=0.191
  Voronoi d=67: time=17.25s ssr=101.98 randi=0.966 nmi=0.871 mae=0.162
  Voronoi d=68: time=22.71s ssr=57.44 randi=0.954 nmi=0.837 mae=0.117
  Voronoi d=69: time=18.79s ssr=131.88 randi=0.931 nmi=0.779 mae=0.252
  Voronoi d=70: time=15.27s ssr=97.81 randi=0.939 nmi=0.790 mae=0.215
  Voronoi d=71: time=20.62s ssr=74.35 randi=0.923 nmi=0.792 mae=0.189
  Voronoi d=72: time=15.45s ssr=173.03 randi=0.936 nmi=0.806 mae=0.272
  Voronoi d=73: time=21.22s ssr=108.99 randi=0.921 nmi=0.760 mae=0.277
  Voronoi d=74: time=27.82s ssr=116.42 randi=0.937 nmi=0.787 mae=0.254
  Voronoi d=75: time=22.17s ssr=124.17 randi=0.969 nmi=0.879 mae=0.174
  Voronoi d=76: time=26.28s ssr=101.95 randi=0.965 nmi=0.875 mae=0.200
  Voronoi d=77: time=18.59s ssr=92.06 randi=0.945 nmi=0.790 mae=0.233
  Voronoi d=78: time=19.88s ssr=85.55 randi=0.945 nmi=0.817 mae=0.149
  Voronoi d=79: time=20.49s ssr=57.19 randi=0.973 nmi=0.911 mae=0.087
  Voronoi d=80: time=21.66s ssr=85.63 randi=0.956 nmi=0.834 mae=0.188
  Voronoi d=81: time=19.23s ssr=86.50 randi=0.951 nmi=0.820 mae=0.147
  Voronoi d=82: time=17.81s ssr=66.89 randi=0.952 nmi=0.844 mae=0.196
  Voronoi d=83: time=19.09s ssr=84.52 randi=0.961 nmi=0.856 mae=0.214
  Voronoi d=84: time=19.26s ssr=69.09 randi=0.889 nmi=0.738 mae=0.243
  Voronoi d=85: time=19.21s ssr=64.65 randi=0.975 nmi=0.903 mae=0.126
  Voronoi d=86: time=16.45s ssr=89.50 randi=0.965 nmi=0.887 mae=0.164
  Voronoi d=87: time=18.29s ssr=56.33 randi=0.941 nmi=0.812 mae=0.133
  Voronoi d=88: time=18.64s ssr=107.12 randi=0.950 nmi=0.835 mae=0.197
  Voronoi d=89: time=20.02s ssr=71.65 randi=0.920 nmi=0.756 mae=0.311
  Voronoi d=90: time=15.93s ssr=71.21 randi=0.945 nmi=0.855 mae=0.200
  Voronoi d=91: time=17.09s ssr=76.27 randi=0.968 nmi=0.887 mae=0.167
  Voronoi d=92: time=22.56s ssr=70.50 randi=0.957 nmi=0.863 mae=0.150
  Voronoi d=93: time=20.73s ssr=62.08 randi=0.939 nmi=0.826 mae=0.146
  Voronoi d=94: time=19.74s ssr=88.88 randi=0.946 nmi=0.801 mae=0.239
  Voronoi d=95: time=17.44s ssr=71.96 randi=0.969 nmi=0.909 mae=0.088
  Voronoi d=96: time=20.18s ssr=75.63 randi=0.941 nmi=0.804 mae=0.195
  Voronoi d=97: time=18.42s ssr=78.88 randi=0.943 nmi=0.803 mae=0.193
  Voronoi d=98: time=17.95s ssr=71.71 randi=0.977 nmi=0.929 mae=0.126
  Voronoi d=99: time=19.23s ssr=119.68 randi=0.812 nmi=0.644 mae=0.340
  Arbitrary d=101: time=25.08s ssr=54.18 randi=0.899 nmi=0.705 mae=0.246
  Arbitrary d=102: time=14.57s ssr=87.19 randi=0.915 nmi=0.757 mae=0.242
  Arbitrary d=103: time=16.32s ssr=108.70 randi=0.958 nmi=0.850 mae=0.186
  Arbitrary d=104: time=20.76s ssr=194.03 randi=0.880 nmi=0.687 mae=0.366
  Arbitrary d=105: time=21.13s ssr=89.40 randi=0.941 nmi=0.805 mae=0.186
  Arbitrary d=106: time=18.09s ssr=76.29 randi=0.961 nmi=0.849 mae=0.164
  Arbitrary d=107: time=18.04s ssr=89.78 randi=0.903 nmi=0.696 mae=0.332
  Arbitrary d=108: time=16.90s ssr=120.00 randi=0.950 nmi=0.823 mae=0.172
  Arbitrary d=109: time=18.56s ssr=64.24 randi=0.951 nmi=0.849 mae=0.219
  Arbitrary d=110: time=19.58s ssr=107.25 randi=0.951 nmi=0.825 mae=0.198
  Arbitrary d=111: time=17.30s ssr=315.00 randi=0.919 nmi=0.742 mae=0.345
  Arbitrary d=112: time=20.57s ssr=78.94 randi=0.930 nmi=0.783 mae=0.259
  Arbitrary d=113: time=17.49s ssr=82.62 randi=0.918 nmi=0.760 mae=0.231
  Arbitrary d=114: time=18.67s ssr=104.97 randi=0.913 nmi=0.765 mae=0.277
  Arbitrary d=115: time=19.97s ssr=112.48 randi=0.911 nmi=0.719 mae=0.340
  Arbitrary d=116: time=18.39s ssr=68.01 randi=0.977 nmi=0.912 mae=0.122
  Arbitrary d=117: time=15.96s ssr=159.02 randi=0.926 nmi=0.748 mae=0.290
  Arbitrary d=118: time=17.70s ssr=66.69 randi=0.910 nmi=0.768 mae=0.249
  Arbitrary d=119: time=18.46s ssr=82.02 randi=0.950 nmi=0.817 mae=0.220
  Arbitrary d=120: time=20.93s ssr=85.03 randi=0.930 nmi=0.784 mae=0.231
  Arbitrary d=121: time=21.41s ssr=95.51 randi=0.932 nmi=0.784 mae=0.244
  Arbitrary d=122: time=18.09s ssr=222.57 randi=0.828 nmi=0.577 mae=0.464
  Arbitrary d=123: time=19.60s ssr=68.67 randi=0.915 nmi=0.756 mae=0.256
  Arbitrary d=124: time=17.69s ssr=123.70 randi=0.936 nmi=0.791 mae=0.231
  Arbitrary d=125: time=17.77s ssr=107.87 randi=0.961 nmi=0.857 mae=0.175
  Arbitrary d=126: time=19.06s ssr=73.80 randi=0.952 nmi=0.847 mae=0.194
  Arbitrary d=127: time=19.74s ssr=69.84 randi=0.950 nmi=0.827 mae=0.196
  Arbitrary d=128: time=16.80s ssr=96.92 randi=0.932 nmi=0.780 mae=0.239
  Arbitrary d=129: time=19.10s ssr=184.42 randi=0.943 nmi=0.805 mae=0.239
  Arbitrary d=130: time=17.50s ssr=102.30 randi=0.944 nmi=0.804 mae=0.206
  Arbitrary d=131: time=20.32s ssr=85.13 randi=0.932 nmi=0.802 mae=0.194
  Arbitrary d=132: time=15.59s ssr=86.41 randi=0.928 nmi=0.809 mae=0.209
  Arbitrary d=133: time=18.26s ssr=105.43 randi=0.909 nmi=0.728 mae=0.330
  Arbitrary d=134: time=11.12s ssr=139.68 randi=0.909 nmi=0.719 mae=0.289
  Arbitrary d=135: time=16.73s ssr=97.71 randi=0.946 nmi=0.815 mae=0.235
  Arbitrary d=136: time=32.90s ssr=74.44 randi=0.935 nmi=0.787 mae=0.205
  Arbitrary d=137: time=21.28s ssr=175.70 randi=0.931 nmi=0.771 mae=0.292
  Arbitrary d=138: time=17.08s ssr=85.23 randi=0.959 nmi=0.855 mae=0.188
  Arbitrary d=139: time=17.46s ssr=112.61 randi=0.925 nmi=0.765 mae=0.253
  Arbitrary d=140: time=24.49s ssr=83.19 randi=0.911 nmi=0.717 mae=0.299
  Arbitrary d=141: time=21.65s ssr=74.26 randi=0.853 nmi=0.642 mae=0.369
  Arbitrary d=142: time=21.37s ssr=104.10 randi=0.855 nmi=0.659 mae=0.395
  Arbitrary d=143: time=21.00s ssr=115.35 randi=0.947 nmi=0.833 mae=0.216
  Arbitrary d=144: time=20.48s ssr=69.93 randi=0.903 nmi=0.787 mae=0.243
  Arbitrary d=145: time=21.18s ssr=69.44 randi=0.944 nmi=0.814 mae=0.256
  Arbitrary d=146: time=16.43s ssr=119.29 randi=0.926 nmi=0.760 mae=0.247
  Arbitrary d=147: time=18.51s ssr=143.70 randi=0.927 nmi=0.774 mae=0.271
  Arbitrary d=148: time=18.08s ssr=90.19 randi=0.919 nmi=0.796 mae=0.227
  Arbitrary d=149: time=16.62s ssr=121.80 randi=0.919 nmi=0.731 mae=0.312
=== GeoEvolve_DynamicRAG done in 2765.3s ===

Aggregating per-pattern averages...
Saved: <path>\simulation_study\results\evolved_per_pattern.csv
Total elapsed: 7453.5s
