Running algorithms: ['AZP', 'RegionKModels', 'SKATER-reg', 'GWR+SKATER', 'SHAP-based']
Resuming from: <path>\simulation_study\results\baseline_per_dataset.csv
Already-completed (algo,dataset) pairs: 18

=== AZP ===
  Rectangular d=3: time=1.06s ssr=291.92 randi=0.794 nmi=0.495 mae=0.584
  Rectangular d=4: time=1.00s ssr=78.24 randi=0.774 nmi=0.426 mae=0.554
  Rectangular d=5: time=1.54s ssr=82.61 randi=0.898 nmi=0.728 mae=0.325
  Rectangular d=6: time=0.80s ssr=119.98 randi=0.825 nmi=0.538 mae=0.644
  Rectangular d=7: time=1.47s ssr=360.38 randi=0.810 nmi=0.489 mae=0.691
  Rectangular d=8: time=1.60s ssr=191.65 randi=0.808 nmi=0.468 mae=0.689
  Rectangular d=9: time=1.32s ssr=252.52 randi=0.802 nmi=0.404 mae=0.762
  Rectangular d=10: time=1.07s ssr=255.24 randi=0.842 nmi=0.577 mae=0.989
  Rectangular d=11: time=1.37s ssr=175.13 randi=0.782 nmi=0.438 mae=0.870
  Rectangular d=12: time=1.42s ssr=221.50 randi=0.765 nmi=0.359 mae=0.969
  Rectangular d=13: time=1.40s ssr=205.29 randi=0.836 nmi=0.585 mae=0.624
  Rectangular d=14: time=1.52s ssr=295.39 randi=0.828 nmi=0.591 mae=0.574
  Rectangular d=15: time=2.17s ssr=249.15 randi=0.771 nmi=0.388 mae=0.853
  Rectangular d=16: time=2.59s ssr=216.47 randi=0.774 nmi=0.409 mae=1.086
  Rectangular d=17: time=1.42s ssr=435.43 randi=0.747 nmi=0.293 mae=1.005
  Rectangular d=18: time=1.12s ssr=167.06 randi=0.809 nmi=0.543 mae=0.858
  Rectangular d=19: time=1.41s ssr=301.82 randi=0.776 nmi=0.387 mae=0.973
  Rectangular d=20: time=1.49s ssr=319.83 randi=0.785 nmi=0.558 mae=0.604
  Rectangular d=21: time=1.33s ssr=345.00 randi=0.790 nmi=0.462 mae=0.744
  Rectangular d=22: time=1.65s ssr=494.60 randi=0.749 nmi=0.332 mae=1.117
  Rectangular d=23: time=1.56s ssr=327.33 randi=0.815 nmi=0.517 mae=0.720
  Rectangular d=24: time=1.30s ssr=210.80 randi=0.763 nmi=0.369 mae=0.897
  Rectangular d=25: time=1.95s ssr=166.25 randi=0.872 nmi=0.701 mae=0.423
  Rectangular d=26: time=1.97s ssr=181.83 randi=0.856 nmi=0.585 mae=0.524
  Rectangular d=27: time=2.02s ssr=441.34 randi=0.784 nmi=0.531 mae=0.718
  Rectangular d=28: time=2.36s ssr=152.91 randi=0.882 nmi=0.686 mae=0.410
  Rectangular d=29: time=2.25s ssr=212.82 randi=0.766 nmi=0.400 mae=0.830
  Rectangular d=30: time=1.54s ssr=147.53 randi=0.749 nmi=0.317 mae=0.866
  Rectangular d=31: time=1.75s ssr=354.48 randi=0.787 nmi=0.441 mae=0.776
  Rectangular d=32: time=2.62s ssr=250.06 randi=0.733 nmi=0.215 mae=1.064
  Rectangular d=33: time=1.21s ssr=442.05 randi=0.747 nmi=0.398 mae=0.713
  Rectangular d=34: time=1.53s ssr=114.70 randi=0.834 nmi=0.595 mae=0.468
  Rectangular d=35: time=2.54s ssr=409.84 randi=0.766 nmi=0.378 mae=0.983
  Rectangular d=36: time=2.04s ssr=188.88 randi=0.836 nmi=0.573 mae=0.429
  Rectangular d=37: time=1.44s ssr=197.52 randi=0.795 nmi=0.443 mae=0.632
  Rectangular d=38: time=2.20s ssr=241.42 randi=0.790 nmi=0.402 mae=0.884
  Rectangular d=39: time=2.62s ssr=123.73 randi=0.859 nmi=0.623 mae=0.462
  Rectangular d=40: time=1.57s ssr=377.70 randi=0.778 nmi=0.404 mae=0.646
  Rectangular d=41: time=2.04s ssr=179.13 randi=0.894 nmi=0.711 mae=0.345
  Rectangular d=42: time=1.35s ssr=256.22 randi=0.815 nmi=0.522 mae=0.683
  Rectangular d=43: time=2.24s ssr=270.67 randi=0.800 nmi=0.494 mae=0.777
  Rectangular d=44: time=2.25s ssr=339.75 randi=0.790 nmi=0.437 mae=0.960
  Rectangular d=45: time=3.03s ssr=293.86 randi=0.777 nmi=0.478 mae=0.877
  Rectangular d=46: time=2.83s ssr=257.99 randi=0.906 nmi=0.735 mae=0.444
  Rectangular d=47: time=0.90s ssr=192.40 randi=0.818 nmi=0.538 mae=0.792
  Rectangular d=48: time=1.29s ssr=111.57 randi=0.825 nmi=0.546 mae=0.534
  Rectangular d=49: time=2.60s ssr=287.68 randi=0.820 nmi=0.501 mae=0.651
  Voronoi d=53: time=1.89s ssr=352.68 randi=0.879 nmi=0.678 mae=0.392
  Voronoi d=54: time=1.89s ssr=233.92 randi=0.849 nmi=0.630 mae=0.496
  Voronoi d=55: time=2.09s ssr=148.31 randi=0.797 nmi=0.599 mae=0.366
  Voronoi d=56: time=1.16s ssr=345.82 randi=0.785 nmi=0.484 mae=0.784
  Voronoi d=57: time=1.08s ssr=151.49 randi=0.884 nmi=0.696 mae=0.369
  Voronoi d=58: time=0.81s ssr=179.75 randi=0.803 nmi=0.559 mae=0.617
  Voronoi d=59: time=2.46s ssr=132.08 randi=0.830 nmi=0.654 mae=0.447
  Voronoi d=60: time=1.03s ssr=264.35 randi=0.783 nmi=0.535 mae=0.906
  Voronoi d=61: time=0.77s ssr=295.54 randi=0.802 nmi=0.505 mae=0.647
  Voronoi d=62: time=1.20s ssr=143.14 randi=0.825 nmi=0.623 mae=0.521
  Voronoi d=63: time=1.31s ssr=113.14 randi=0.834 nmi=0.643 mae=0.447
  Voronoi d=64: time=0.82s ssr=270.35 randi=0.804 nmi=0.550 mae=0.636
  Voronoi d=65: time=1.48s ssr=249.50 randi=0.855 nmi=0.621 mae=0.563
  Voronoi d=66: time=1.25s ssr=194.12 randi=0.816 nmi=0.574 mae=0.580
  Voronoi d=67: time=1.34s ssr=235.95 randi=0.864 nmi=0.696 mae=0.338
  Voronoi d=68: time=1.47s ssr=203.72 randi=0.725 nmi=0.386 mae=0.773
  Voronoi d=69: time=1.17s ssr=106.75 randi=0.838 nmi=0.609 mae=0.486
  Voronoi d=70: time=1.16s ssr=128.45 randi=0.863 nmi=0.713 mae=0.461
  Voronoi d=71: time=0.70s ssr=115.67 randi=0.871 nmi=0.702 mae=0.326
  Voronoi d=72: time=1.46s ssr=151.17 randi=0.868 nmi=0.667 mae=0.500
  Voronoi d=73: time=1.07s ssr=111.64 randi=0.884 nmi=0.685 mae=0.318
  Voronoi d=74: time=0.97s ssr=100.09 randi=0.839 nmi=0.702 mae=0.427
  Voronoi d=75: time=0.93s ssr=143.76 randi=0.883 nmi=0.727 mae=0.394
  Voronoi d=76: time=0.54s ssr=237.59 randi=0.934 nmi=0.818 mae=0.324
  Voronoi d=77: time=2.29s ssr=179.59 randi=0.744 nmi=0.451 mae=0.598
  Voronoi d=78: time=1.33s ssr=295.45 randi=0.767 nmi=0.462 mae=0.780
  Voronoi d=79: time=1.03s ssr=189.27 randi=0.795 nmi=0.570 mae=0.610
  Voronoi d=80: time=1.79s ssr=157.11 randi=0.815 nmi=0.530 mae=0.685
  Voronoi d=81: time=1.11s ssr=190.35 randi=0.838 nmi=0.619 mae=0.514
  Voronoi d=82: time=1.47s ssr=132.82 randi=0.866 nmi=0.655 mae=0.542
  Voronoi d=83: time=1.14s ssr=157.06 randi=0.891 nmi=0.696 mae=0.557
  Voronoi d=84: time=1.98s ssr=122.91 randi=0.780 nmi=0.506 mae=0.555
  Voronoi d=85: time=0.71s ssr=90.69 randi=0.888 nmi=0.755 mae=0.432
  Voronoi d=86: time=0.97s ssr=174.69 randi=0.892 nmi=0.703 mae=0.445
  Voronoi d=87: time=1.29s ssr=141.01 randi=0.833 nmi=0.585 mae=0.535
  Voronoi d=88: time=2.10s ssr=205.20 randi=0.889 nmi=0.714 mae=0.378
  Voronoi d=89: time=1.19s ssr=196.76 randi=0.749 nmi=0.373 mae=0.799
  Voronoi d=90: time=1.54s ssr=140.07 randi=0.757 nmi=0.538 mae=0.540
  Voronoi d=91: time=1.07s ssr=131.40 randi=0.867 nmi=0.661 mae=0.597
  Voronoi d=92: time=1.81s ssr=102.24 randi=0.787 nmi=0.488 mae=0.606
  Voronoi d=93: time=1.56s ssr=214.03 randi=0.697 nmi=0.375 mae=0.657
  Voronoi d=94: time=1.28s ssr=125.37 randi=0.847 nmi=0.678 mae=0.602
  Voronoi d=95: time=0.73s ssr=355.50 randi=0.857 nmi=0.652 mae=0.509
  Voronoi d=96: time=1.33s ssr=143.88 randi=0.790 nmi=0.486 mae=0.658
  Voronoi d=97: time=1.80s ssr=175.90 randi=0.816 nmi=0.590 mae=0.662
  Voronoi d=98: time=1.79s ssr=280.13 randi=0.788 nmi=0.511 mae=0.637
  Voronoi d=99: time=1.88s ssr=201.35 randi=0.806 nmi=0.589 mae=0.457
  Arbitrary d=103: time=2.94s ssr=372.14 randi=0.788 nmi=0.405 mae=0.908
  Arbitrary d=104: time=2.83s ssr=239.77 randi=0.858 nmi=0.656 mae=0.478
  Arbitrary d=105: time=5.05s ssr=261.06 randi=0.784 nmi=0.417 mae=0.857
  Arbitrary d=106: time=3.25s ssr=157.36 randi=0.890 nmi=0.674 mae=0.496
  Arbitrary d=107: time=4.33s ssr=234.87 randi=0.808 nmi=0.460 mae=0.760
  Arbitrary d=108: time=2.21s ssr=214.73 randi=0.836 nmi=0.604 mae=0.423
  Arbitrary d=109: time=2.84s ssr=318.48 randi=0.850 nmi=0.576 mae=0.597
  Arbitrary d=110: time=1.78s ssr=102.58 randi=0.900 nmi=0.726 mae=0.414
  Arbitrary d=111: time=5.19s ssr=268.41 randi=0.920 nmi=0.786 mae=0.354
  Arbitrary d=112: time=2.72s ssr=197.08 randi=0.816 nmi=0.540 mae=0.605
  Arbitrary d=113: time=6.49s ssr=118.59 randi=0.814 nmi=0.542 mae=0.638
  Arbitrary d=114: time=4.05s ssr=161.13 randi=0.838 nmi=0.631 mae=0.460
  Arbitrary d=115: time=2.09s ssr=134.71 randi=0.821 nmi=0.580 mae=0.564
  Arbitrary d=116: time=2.25s ssr=399.24 randi=0.802 nmi=0.498 mae=0.719
  Arbitrary d=117: time=0.97s ssr=294.68 randi=0.894 nmi=0.714 mae=0.462
  Arbitrary d=118: time=2.33s ssr=205.88 randi=0.811 nmi=0.488 mae=0.758
  Arbitrary d=119: time=1.38s ssr=223.94 randi=0.782 nmi=0.437 mae=0.780
  Arbitrary d=120: time=1.01s ssr=184.77 randi=0.821 nmi=0.556 mae=0.610
  Arbitrary d=121: time=2.46s ssr=174.77 randi=0.864 nmi=0.646 mae=0.576
  Arbitrary d=122: time=1.79s ssr=85.69 randi=0.895 nmi=0.730 mae=0.316
  Arbitrary d=123: time=1.23s ssr=73.46 randi=0.861 nmi=0.632 mae=0.378
  Arbitrary d=124: time=2.17s ssr=154.57 randi=0.855 nmi=0.619 mae=0.554
  Arbitrary d=125: time=0.91s ssr=149.45 randi=0.922 nmi=0.761 mae=0.367
  Arbitrary d=126: time=1.38s ssr=209.83 randi=0.792 nmi=0.516 mae=0.887
  Arbitrary d=127: time=1.70s ssr=152.26 randi=0.826 nmi=0.556 mae=0.573
  Arbitrary d=128: time=0.78s ssr=83.90 randi=0.885 nmi=0.726 mae=0.361
  Arbitrary d=129: time=2.00s ssr=238.13 randi=0.927 nmi=0.763 mae=0.281
  Arbitrary d=130: time=1.76s ssr=224.51 randi=0.807 nmi=0.484 mae=0.601
  Arbitrary d=131: time=1.02s ssr=133.60 randi=0.883 nmi=0.685 mae=0.344
  Arbitrary d=132: time=3.71s ssr=220.05 randi=0.843 nmi=0.609 mae=0.418
  Arbitrary d=133: time=1.02s ssr=133.02 randi=0.836 nmi=0.579 mae=0.621
  Arbitrary d=134: time=1.75s ssr=105.23 randi=0.891 nmi=0.716 mae=0.277
  Arbitrary d=135: time=0.89s ssr=332.48 randi=0.861 nmi=0.618 mae=0.563
  Arbitrary d=136: time=1.32s ssr=107.80 randi=0.827 nmi=0.574 mae=0.500
  Arbitrary d=137: time=1.67s ssr=409.34 randi=0.796 nmi=0.492 mae=0.702
  Arbitrary d=138: time=1.35s ssr=146.12 randi=0.894 nmi=0.708 mae=0.421
  Arbitrary d=139: time=0.92s ssr=197.99 randi=0.831 nmi=0.528 mae=0.676
  Arbitrary d=140: time=1.51s ssr=126.43 randi=0.800 nmi=0.468 mae=0.733
  Arbitrary d=141: time=1.58s ssr=151.19 randi=0.789 nmi=0.509 mae=0.637
  Arbitrary d=142: time=2.62s ssr=234.69 randi=0.808 nmi=0.466 mae=0.754
  Arbitrary d=143: time=2.21s ssr=310.87 randi=0.796 nmi=0.487 mae=0.944
  Arbitrary d=144: time=1.17s ssr=119.80 randi=0.847 nmi=0.586 mae=0.529
  Arbitrary d=145: time=1.60s ssr=155.00 randi=0.829 nmi=0.545 mae=0.887
  Arbitrary d=146: time=0.89s ssr=233.54 randi=0.809 nmi=0.522 mae=0.736
  Arbitrary d=147: time=1.65s ssr=206.84 randi=0.814 nmi=0.538 mae=0.704
  Arbitrary d=148: time=1.06s ssr=200.97 randi=0.841 nmi=0.621 mae=0.467
  Arbitrary d=149: time=1.42s ssr=268.92 randi=0.832 nmi=0.535 mae=0.649
=== AZP done in 257.0s ===

=== RegionKModels ===
  Rectangular d=3: time=0.06s ssr=383.37 randi=0.771 nmi=0.400 mae=0.657
  Rectangular d=4: time=0.06s ssr=101.85 randi=0.769 nmi=0.380 mae=0.669
  Rectangular d=5: time=0.05s ssr=304.19 randi=0.773 nmi=0.385 mae=0.863
  Rectangular d=6: time=0.08s ssr=162.34 randi=0.798 nmi=0.484 mae=0.739
  Rectangular d=7: time=0.05s ssr=510.07 randi=0.784 nmi=0.435 mae=0.918
  Rectangular d=8: time=0.03s ssr=275.20 randi=0.783 nmi=0.406 mae=0.841
  Rectangular d=9: time=0.04s ssr=485.46 randi=0.790 nmi=0.479 mae=0.999
  Rectangular d=10: time=0.05s ssr=328.00 randi=0.722 nmi=0.213 mae=1.098
  Rectangular d=11: time=0.02s ssr=303.20 randi=0.754 nmi=0.331 mae=1.161
  Rectangular d=12: time=0.02s ssr=425.63 randi=0.712 nmi=0.162 mae=1.213
  Rectangular d=13: time=0.06s ssr=461.71 randi=0.809 nmi=0.473 mae=0.752
  Rectangular d=14: time=0.03s ssr=252.02 randi=0.815 nmi=0.597 mae=0.541
  Rectangular d=15: time=0.07s ssr=287.43 randi=0.793 nmi=0.441 mae=0.764
  Rectangular d=16: time=0.03s ssr=232.97 randi=0.808 nmi=0.490 mae=0.903
  Rectangular d=17: time=0.03s ssr=536.20 randi=0.774 nmi=0.405 mae=0.925
  Rectangular d=18: time=0.03s ssr=310.61 randi=0.789 nmi=0.424 mae=0.947
  Rectangular d=19: time=0.03s ssr=458.59 randi=0.769 nmi=0.382 mae=1.130
  Rectangular d=20: time=0.08s ssr=279.58 randi=0.873 nmi=0.704 mae=0.597
  Rectangular d=21: time=0.07s ssr=233.22 randi=0.845 nmi=0.638 mae=0.600
  Rectangular d=22: time=0.02s ssr=526.94 randi=0.788 nmi=0.398 mae=0.883
  Rectangular d=23: time=0.05s ssr=275.49 randi=0.821 nmi=0.534 mae=0.734
  Rectangular d=24: time=0.02s ssr=337.00 randi=0.758 nmi=0.358 mae=1.000
  Rectangular d=25: time=0.05s ssr=304.58 randi=0.862 nmi=0.661 mae=0.574
  Rectangular d=26: time=0.10s ssr=347.64 randi=0.787 nmi=0.386 mae=0.950
  Rectangular d=27: time=0.03s ssr=735.12 randi=0.760 nmi=0.344 mae=0.985
  Rectangular d=28: time=0.04s ssr=669.55 randi=0.760 nmi=0.346 mae=0.967
  Rectangular d=29: time=0.02s ssr=332.13 randi=0.769 nmi=0.407 mae=1.018
  Rectangular d=30: time=0.06s ssr=123.18 randi=0.756 nmi=0.325 mae=0.752
  Rectangular d=31: time=0.04s ssr=405.95 randi=0.806 nmi=0.462 mae=0.784
  Rectangular d=32: time=0.03s ssr=380.40 randi=0.780 nmi=0.399 mae=1.179
  Rectangular d=33: time=0.03s ssr=513.35 randi=0.799 nmi=0.498 mae=0.751
  Rectangular d=34: time=0.03s ssr=186.69 randi=0.830 nmi=0.549 mae=0.641
  Rectangular d=35: time=0.02s ssr=530.90 randi=0.717 nmi=0.204 mae=1.121
  Rectangular d=36: time=0.08s ssr=312.44 randi=0.795 nmi=0.459 mae=0.643
  Rectangular d=37: time=0.05s ssr=353.26 randi=0.779 nmi=0.422 mae=0.829
  Rectangular d=38: time=0.03s ssr=462.70 randi=0.773 nmi=0.350 mae=1.016
  Rectangular d=39: time=0.06s ssr=259.07 randi=0.767 nmi=0.371 mae=0.826
  Rectangular d=40: time=0.03s ssr=494.33 randi=0.783 nmi=0.401 mae=0.699
  Rectangular d=41: time=0.06s ssr=808.13 randi=0.750 nmi=0.335 mae=0.796
  Rectangular d=42: time=0.02s ssr=486.48 randi=0.802 nmi=0.470 mae=0.865
  Rectangular d=43: time=0.03s ssr=434.70 randi=0.803 nmi=0.450 mae=0.820
  Rectangular d=44: time=0.08s ssr=365.25 randi=0.791 nmi=0.417 mae=0.985
  Rectangular d=45: time=0.03s ssr=660.41 randi=0.749 nmi=0.305 mae=1.017
  Rectangular d=46: time=0.04s ssr=706.39 randi=0.800 nmi=0.439 mae=1.092
  Rectangular d=47: time=0.03s ssr=273.31 randi=0.776 nmi=0.374 mae=1.060
  Rectangular d=48: time=0.07s ssr=294.11 randi=0.750 nmi=0.301 mae=1.117
  Rectangular d=49: time=0.03s ssr=366.02 randi=0.850 nmi=0.607 mae=0.610
  Voronoi d=53: time=0.05s ssr=156.08 randi=0.806 nmi=0.688 mae=0.398
  Voronoi d=54: time=0.03s ssr=484.87 randi=0.874 nmi=0.654 mae=0.574
  Voronoi d=55: time=0.03s ssr=338.04 randi=0.756 nmi=0.483 mae=0.630
  Voronoi d=56: time=0.05s ssr=341.43 randi=0.841 nmi=0.590 mae=0.599
  Voronoi d=57: time=0.03s ssr=344.16 randi=0.792 nmi=0.507 mae=0.729
  Voronoi d=58: time=0.06s ssr=297.32 randi=0.704 nmi=0.345 mae=1.030
  Voronoi d=59: time=0.03s ssr=390.53 randi=0.845 nmi=0.615 mae=0.526
  Voronoi d=60: time=0.02s ssr=371.41 randi=0.806 nmi=0.541 mae=0.705
  Voronoi d=61: time=0.05s ssr=431.75 randi=0.771 nmi=0.421 mae=0.853
  Voronoi d=62: time=0.05s ssr=358.96 randi=0.776 nmi=0.482 mae=0.781
  Voronoi d=63: time=0.02s ssr=192.29 randi=0.787 nmi=0.533 mae=0.652
  Voronoi d=64: time=0.05s ssr=295.71 randi=0.795 nmi=0.503 mae=0.629
  Voronoi d=65: time=0.03s ssr=164.03 randi=0.890 nmi=0.698 mae=0.435
  Voronoi d=66: time=0.02s ssr=285.76 randi=0.809 nmi=0.556 mae=0.709
  Voronoi d=67: time=0.05s ssr=152.27 randi=0.867 nmi=0.736 mae=0.281
  Voronoi d=68: time=0.02s ssr=234.77 randi=0.762 nmi=0.471 mae=0.677
  Voronoi d=69: time=0.08s ssr=211.16 randi=0.824 nmi=0.542 mae=0.539
  Voronoi d=70: time=0.05s ssr=588.10 randi=0.775 nmi=0.450 mae=0.829
  Voronoi d=71: time=0.02s ssr=335.10 randi=0.841 nmi=0.602 mae=0.413
  Voronoi d=72: time=0.02s ssr=233.51 randi=0.850 nmi=0.591 mae=0.603
  Voronoi d=73: time=0.02s ssr=251.64 randi=0.808 nmi=0.491 mae=0.543
  Voronoi d=74: time=0.02s ssr=348.75 randi=0.769 nmi=0.512 mae=0.684
  Voronoi d=75: time=0.04s ssr=535.50 randi=0.838 nmi=0.625 mae=0.648
  Voronoi d=76: time=0.06s ssr=394.71 randi=0.840 nmi=0.649 mae=0.785
  Voronoi d=77: time=0.04s ssr=186.11 randi=0.760 nmi=0.587 mae=0.518
  Voronoi d=78: time=0.02s ssr=419.67 randi=0.781 nmi=0.445 mae=0.716
  Voronoi d=79: time=0.02s ssr=252.18 randi=0.824 nmi=0.545 mae=0.540
  Voronoi d=80: time=0.04s ssr=223.37 randi=0.845 nmi=0.583 mae=0.807
  Voronoi d=81: time=0.03s ssr=294.78 randi=0.790 nmi=0.515 mae=0.541
  Voronoi d=82: time=0.06s ssr=403.02 randi=0.791 nmi=0.468 mae=0.972
  Voronoi d=83: time=0.02s ssr=252.24 randi=0.841 nmi=0.622 mae=0.581
  Voronoi d=84: time=0.07s ssr=244.62 randi=0.793 nmi=0.524 mae=0.482
  Voronoi d=85: time=0.04s ssr=244.49 randi=0.829 nmi=0.559 mae=0.635
  Voronoi d=86: time=0.08s ssr=506.97 randi=0.797 nmi=0.473 mae=0.857
  Voronoi d=87: time=0.05s ssr=158.31 randi=0.875 nmi=0.659 mae=0.362
  Voronoi d=88: time=0.05s ssr=480.11 randi=0.763 nmi=0.431 mae=0.842
  Voronoi d=89: time=0.05s ssr=139.28 randi=0.794 nmi=0.512 mae=0.606
  Voronoi d=90: time=0.08s ssr=204.41 randi=0.765 nmi=0.583 mae=0.520
  Voronoi d=91: time=0.07s ssr=300.11 randi=0.774 nmi=0.467 mae=1.036
  Voronoi d=92: time=0.04s ssr=167.76 randi=0.767 nmi=0.460 mae=0.852
  Voronoi d=93: time=0.02s ssr=276.82 randi=0.744 nmi=0.501 mae=0.590
  Voronoi d=94: time=0.04s ssr=262.04 randi=0.816 nmi=0.567 mae=0.793
  Voronoi d=95: time=0.06s ssr=455.65 randi=0.866 nmi=0.648 mae=0.512
  Voronoi d=96: time=0.05s ssr=163.17 randi=0.782 nmi=0.491 mae=0.743
  Voronoi d=97: time=0.05s ssr=338.12 randi=0.810 nmi=0.493 mae=0.660
  Voronoi d=98: time=0.03s ssr=569.23 randi=0.820 nmi=0.593 mae=0.752
  Voronoi d=99: time=0.14s ssr=510.85 randi=0.771 nmi=0.498 mae=0.639
  Arbitrary d=103: time=0.03s ssr=392.55 randi=0.832 nmi=0.569 mae=0.779
  Arbitrary d=104: time=0.03s ssr=603.35 randi=0.802 nmi=0.480 mae=0.889
  Arbitrary d=105: time=0.03s ssr=319.05 randi=0.811 nmi=0.519 mae=0.751
  Arbitrary d=106: time=0.05s ssr=422.67 randi=0.800 nmi=0.507 mae=0.947
  Arbitrary d=107: time=0.08s ssr=202.27 randi=0.817 nmi=0.526 mae=0.681
  Arbitrary d=108: time=0.05s ssr=605.34 randi=0.811 nmi=0.476 mae=0.733
  Arbitrary d=109: time=0.03s ssr=277.59 randi=0.801 nmi=0.522 mae=0.764
  Arbitrary d=110: time=0.06s ssr=425.00 randi=0.816 nmi=0.522 mae=0.760
  Arbitrary d=111: time=0.05s ssr=250.02 randi=0.948 nmi=0.826 mae=0.322
  Arbitrary d=112: time=0.02s ssr=195.71 randi=0.820 nmi=0.575 mae=0.641
  Arbitrary d=113: time=0.03s ssr=302.34 randi=0.824 nmi=0.539 mae=0.786
  Arbitrary d=114: time=0.04s ssr=442.08 randi=0.767 nmi=0.419 mae=0.770
  Arbitrary d=115: time=0.04s ssr=274.84 randi=0.766 nmi=0.425 mae=0.713
  Arbitrary d=116: time=0.02s ssr=645.51 randi=0.841 nmi=0.560 mae=0.770
  Arbitrary d=117: time=0.03s ssr=415.80 randi=0.811 nmi=0.564 mae=0.724
  Arbitrary d=118: time=0.03s ssr=240.88 randi=0.846 nmi=0.570 mae=0.639
  Arbitrary d=119: time=0.02s ssr=365.08 randi=0.802 nmi=0.494 mae=0.839
  Arbitrary d=120: time=0.02s ssr=315.94 randi=0.821 nmi=0.507 mae=0.822
  Arbitrary d=121: time=0.02s ssr=333.76 randi=0.777 nmi=0.421 mae=1.014
  Arbitrary d=122: time=0.08s ssr=373.20 randi=0.772 nmi=0.469 mae=0.699
  Arbitrary d=123: time=0.03s ssr=316.89 randi=0.819 nmi=0.500 mae=0.655
  Arbitrary d=124: time=0.05s ssr=150.88 randi=0.887 nmi=0.673 mae=0.444
  Arbitrary d=125: time=0.04s ssr=174.87 randi=0.928 nmi=0.784 mae=0.335
  Arbitrary d=126: time=0.07s ssr=382.95 randi=0.797 nmi=0.453 mae=0.849
  Arbitrary d=127: time=0.03s ssr=253.27 randi=0.791 nmi=0.464 mae=0.974
  Arbitrary d=128: time=0.03s ssr=490.63 randi=0.805 nmi=0.502 mae=0.915
  Arbitrary d=129: time=0.05s ssr=439.66 randi=0.825 nmi=0.580 mae=0.653
  Arbitrary d=130: time=0.04s ssr=151.11 randi=0.858 nmi=0.619 mae=0.468
  Arbitrary d=131: time=0.03s ssr=238.70 randi=0.847 nmi=0.567 mae=0.554
  Arbitrary d=132: time=0.05s ssr=465.81 randi=0.838 nmi=0.618 mae=0.607
  Arbitrary d=133: time=0.01s ssr=291.79 randi=0.783 nmi=0.392 mae=0.907
  Arbitrary d=134: time=0.05s ssr=513.95 randi=0.748 nmi=0.412 mae=0.769
  Arbitrary d=135: time=0.06s ssr=509.63 randi=0.788 nmi=0.442 mae=0.771
  Arbitrary d=136: time=0.03s ssr=247.03 randi=0.785 nmi=0.468 mae=1.172
  Arbitrary d=137: time=0.03s ssr=646.34 randi=0.777 nmi=0.357 mae=0.950
  Arbitrary d=138: time=0.03s ssr=299.72 randi=0.823 nmi=0.515 mae=0.635
  Arbitrary d=139: time=0.03s ssr=262.09 randi=0.823 nmi=0.544 mae=0.803
  Arbitrary d=140: time=0.02s ssr=260.34 randi=0.776 nmi=0.385 mae=1.144
  Arbitrary d=141: time=0.00s ssr=188.09 randi=0.813 nmi=0.530 mae=0.589
  Arbitrary d=142: time=0.06s ssr=297.83 randi=0.801 nmi=0.470 mae=0.771
  Arbitrary d=143: time=0.03s ssr=496.53 randi=0.771 nmi=0.369 mae=1.022
  Arbitrary d=144: time=0.05s ssr=213.28 randi=0.812 nmi=0.507 mae=0.627
  Arbitrary d=145: time=0.03s ssr=200.89 randi=0.795 nmi=0.464 mae=1.011
  Arbitrary d=146: time=0.05s ssr=264.70 randi=0.784 nmi=0.477 mae=0.769
  Arbitrary d=147: time=0.05s ssr=371.17 randi=0.842 nmi=0.570 mae=0.670
  Arbitrary d=148: time=0.03s ssr=228.64 randi=0.811 nmi=0.607 mae=0.559
  Arbitrary d=149: time=0.03s ssr=196.53 randi=0.897 nmi=0.705 mae=0.551
=== RegionKModels done in 10.3s ===

=== SKATER-reg ===
  Rectangular d=0: time=24.21s ssr=671.87 randi=0.669 nmi=0.426 mae=0.908
  Rectangular d=1: time=23.81s ssr=761.87 randi=0.518 nmi=0.332 mae=0.988
  Rectangular d=2: time=25.64s ssr=378.97 randi=0.702 nmi=0.444 mae=0.797
  Rectangular d=3: time=29.58s ssr=496.00 randi=0.697 nmi=0.449 mae=0.718
  Rectangular d=4: time=25.84s ssr=90.15 randi=0.767 nmi=0.525 mae=0.477
  Rectangular d=5: time=24.45s ssr=322.95 randi=0.714 nmi=0.492 mae=0.924
  Rectangular d=6: time=26.06s ssr=227.67 randi=0.754 nmi=0.462 mae=0.911
  Rectangular d=7: time=24.26s ssr=662.32 randi=0.692 nmi=0.357 mae=0.935
  Rectangular d=8: time=29.02s ssr=292.25 randi=0.761 nmi=0.407 mae=0.953
  Rectangular d=9: time=30.96s ssr=364.04 randi=0.477 nmi=0.316 mae=1.053
  Rectangular d=10: time=46.86s ssr=345.89 randi=0.342 nmi=0.157 mae=1.134
  Rectangular d=11: time=29.14s ssr=264.28 randi=0.710 nmi=0.483 mae=1.110
  Rectangular d=12: time=21.20s ssr=280.89 randi=0.777 nmi=0.524 mae=1.201
  Rectangular d=13: time=20.24s ssr=482.95 randi=0.814 nmi=0.552 mae=0.806
  Rectangular d=14: time=21.27s ssr=828.70 randi=0.618 nmi=0.250 mae=0.910
  Rectangular d=15: time=21.75s ssr=355.26 randi=0.765 nmi=0.511 mae=0.837
  Rectangular d=16: time=21.48s ssr=246.13 randi=0.590 nmi=0.390 mae=0.996
  Rectangular d=17: time=21.06s ssr=641.18 randi=0.627 nmi=0.406 mae=0.898
  Rectangular d=18: time=21.25s ssr=341.81 randi=0.731 nmi=0.475 mae=0.968
  Rectangular d=19: time=24.53s ssr=378.01 randi=0.670 nmi=0.350 mae=0.987
  Rectangular d=20: time=22.27s ssr=962.25 randi=0.689 nmi=0.441 mae=1.056
  Rectangular d=21: time=22.76s ssr=480.45 randi=0.727 nmi=0.519 mae=0.873
  Rectangular d=22: time=21.78s ssr=625.90 randi=0.474 nmi=0.293 mae=1.075
  Rectangular d=23: time=23.89s ssr=804.94 randi=0.410 nmi=0.239 mae=1.013
  Rectangular d=24: time=35.81s ssr=280.63 randi=0.747 nmi=0.456 mae=0.807
  Rectangular d=25: time=29.29s ssr=757.44 randi=0.688 nmi=0.427 mae=1.069
  Rectangular d=26: time=21.49s ssr=420.36 randi=0.779 nmi=0.553 mae=0.876
  Rectangular d=27: time=20.69s ssr=638.97 randi=0.728 nmi=0.435 mae=0.903
  Rectangular d=28: time=21.16s ssr=507.58 randi=0.681 nmi=0.485 mae=0.838
  Rectangular d=29: time=21.89s ssr=289.58 randi=0.652 nmi=0.460 mae=0.971
  Rectangular d=30: time=20.94s ssr=176.46 randi=0.547 nmi=0.326 mae=0.908
  Rectangular d=31: time=21.09s ssr=497.48 randi=0.741 nmi=0.394 mae=0.905
  Rectangular d=32: time=21.50s ssr=368.85 randi=0.574 nmi=0.305 mae=1.192
  Rectangular d=33: time=21.02s ssr=745.83 randi=0.741 nmi=0.506 mae=0.872
  Rectangular d=34: time=20.94s ssr=225.55 randi=0.780 nmi=0.535 mae=0.712
  Rectangular d=35: time=20.47s ssr=512.07 randi=0.689 nmi=0.446 mae=0.951
  Rectangular d=36: time=23.24s ssr=358.03 randi=0.783 nmi=0.515 mae=0.649
  Rectangular d=37: time=24.56s ssr=277.63 randi=0.635 nmi=0.465 mae=0.877
  Rectangular d=38: time=33.23s ssr=454.13 randi=0.360 nmi=0.181 mae=1.084
  Rectangular d=39: time=28.53s ssr=292.58 randi=0.733 nmi=0.514 mae=0.722
  Rectangular d=40: time=26.48s ssr=618.96 randi=0.634 nmi=0.445 mae=0.818
  Rectangular d=41: time=24.76s ssr=866.83 randi=0.651 nmi=0.208 mae=0.957
  Rectangular d=42: time=21.47s ssr=567.60 randi=0.714 nmi=0.435 mae=0.960
  Rectangular d=43: time=20.23s ssr=526.77 randi=0.739 nmi=0.442 mae=0.872
  Rectangular d=44: time=24.85s ssr=491.78 randi=0.704 nmi=0.428 mae=1.120
  Rectangular d=45: time=25.22s ssr=728.11 randi=0.359 nmi=0.214 mae=1.066
  Rectangular d=46: time=23.24s ssr=676.77 randi=0.732 nmi=0.475 mae=1.087
  Rectangular d=47: time=22.11s ssr=282.15 randi=0.691 nmi=0.434 mae=1.133
  Rectangular d=48: time=24.92s ssr=260.87 randi=0.705 nmi=0.393 mae=0.992
  Rectangular d=49: time=46.25s ssr=711.27 randi=0.735 nmi=0.449 mae=0.930
  Voronoi d=50: time=45.23s ssr=172.38 randi=0.696 nmi=0.508 mae=0.714
  Voronoi d=51: time=49.74s ssr=327.83 randi=0.750 nmi=0.545 mae=0.623
  Voronoi d=52: time=37.15s ssr=513.04 randi=0.723 nmi=0.491 mae=0.664
  Voronoi d=53: time=31.67s ssr=685.16 randi=0.748 nmi=0.493 mae=0.639
  Voronoi d=54: time=26.33s ssr=557.86 randi=0.662 nmi=0.382 mae=0.823
  Voronoi d=55: time=25.18s ssr=293.12 randi=0.669 nmi=0.493 mae=0.767
  Voronoi d=56: time=22.06s ssr=609.07 randi=0.726 nmi=0.459 mae=0.900
  Voronoi d=57: time=20.41s ssr=306.27 randi=0.745 nmi=0.509 mae=0.678
  Voronoi d=58: time=23.53s ssr=213.52 randi=0.713 nmi=0.464 mae=0.697
  Voronoi d=59: time=22.19s ssr=509.57 randi=0.708 nmi=0.432 mae=0.792
  Voronoi d=60: time=21.54s ssr=394.44 randi=0.699 nmi=0.497 mae=0.888
  Voronoi d=61: time=21.16s ssr=386.85 randi=0.782 nmi=0.512 mae=0.765
  Voronoi d=62: time=17.98s ssr=268.77 randi=0.779 nmi=0.522 mae=0.689
  Voronoi d=63: time=21.66s ssr=211.59 randi=0.829 nmi=0.556 mae=0.576
  Voronoi d=64: time=22.44s ssr=308.08 randi=0.780 nmi=0.509 mae=0.653
  Voronoi d=65: time=29.47s ssr=390.06 randi=0.822 nmi=0.595 mae=0.623
  Voronoi d=66: time=36.44s ssr=290.40 randi=0.753 nmi=0.537 mae=0.814
  Voronoi d=67: time=21.90s ssr=476.67 randi=0.845 nmi=0.609 mae=0.511
  Voronoi d=68: time=24.60s ssr=217.75 randi=0.729 nmi=0.461 mae=0.703
  Voronoi d=69: time=20.93s ssr=383.94 randi=0.649 nmi=0.399 mae=0.889
  Voronoi d=70: time=22.12s ssr=254.76 randi=0.803 nmi=0.596 mae=0.558
  Voronoi d=71: time=20.94s ssr=409.88 randi=0.666 nmi=0.399 mae=0.680
  Voronoi d=72: time=19.91s ssr=394.20 randi=0.780 nmi=0.540 mae=0.726
  Voronoi d=73: time=23.81s ssr=283.43 randi=0.798 nmi=0.549 mae=0.635
  Voronoi d=74: time=23.19s ssr=278.44 randi=0.666 nmi=0.497 mae=0.822
  Voronoi d=75: time=20.11s ssr=401.34 randi=0.785 nmi=0.527 mae=0.571
  Voronoi d=76: time=23.37s ssr=437.04 randi=0.810 nmi=0.541 mae=0.805
  Voronoi d=77: time=19.74s ssr=280.54 randi=0.826 nmi=0.541 mae=0.579
  Voronoi d=78: time=27.51s ssr=395.48 randi=0.711 nmi=0.420 mae=0.848
  Voronoi d=79: time=25.05s ssr=234.27 randi=0.770 nmi=0.576 mae=0.744
  Voronoi d=80: time=20.99s ssr=240.77 randi=0.708 nmi=0.432 mae=0.942
  Voronoi d=81: time=20.10s ssr=373.45 randi=0.715 nmi=0.368 mae=0.801
  Voronoi d=82: time=21.06s ssr=226.53 randi=0.748 nmi=0.549 mae=0.582
  Voronoi d=83: time=20.79s ssr=611.03 randi=0.699 nmi=0.417 mae=0.965
  Voronoi d=84: time=21.93s ssr=330.24 randi=0.808 nmi=0.564 mae=0.541
  Voronoi d=85: time=24.15s ssr=403.66 randi=0.743 nmi=0.476 mae=0.835
  Voronoi d=86: time=26.25s ssr=331.97 randi=0.718 nmi=0.557 mae=0.688
  Voronoi d=87: time=24.12s ssr=251.79 randi=0.566 nmi=0.408 mae=0.786
  Voronoi d=88: time=25.39s ssr=432.84 randi=0.691 nmi=0.492 mae=0.782
  Voronoi d=89: time=20.96s ssr=122.63 randi=0.859 nmi=0.609 mae=0.396
  Voronoi d=90: time=25.29s ssr=316.39 randi=0.666 nmi=0.415 mae=0.922
  Voronoi d=91: time=24.48s ssr=264.48 randi=0.780 nmi=0.524 mae=1.063
  Voronoi d=92: time=33.96s ssr=156.35 randi=0.810 nmi=0.598 mae=0.744
  Voronoi d=93: time=39.05s ssr=200.95 randi=0.737 nmi=0.489 mae=0.541
  Voronoi d=94: time=22.69s ssr=218.07 randi=0.876 nmi=0.663 mae=0.566
  Voronoi d=95: time=21.45s ssr=537.02 randi=0.740 nmi=0.477 mae=0.692
  Voronoi d=96: time=21.43s ssr=175.66 randi=0.790 nmi=0.548 mae=0.669
  Voronoi d=97: time=21.43s ssr=253.00 randi=0.797 nmi=0.565 mae=0.568
  Voronoi d=98: time=23.67s ssr=394.90 randi=0.597 nmi=0.424 mae=0.730
  Voronoi d=99: time=18.67s ssr=381.61 randi=0.678 nmi=0.516 mae=0.557
  Arbitrary d=100: time=22.52s ssr=418.95 randi=0.792 nmi=0.560 mae=0.671
  Arbitrary d=101: time=21.03s ssr=102.15 randi=0.735 nmi=0.484 mae=0.557
  Arbitrary d=102: time=23.71s ssr=371.80 randi=0.745 nmi=0.480 mae=0.618
  Arbitrary d=103: time=20.24s ssr=498.71 randi=0.781 nmi=0.453 mae=0.914
  Arbitrary d=104: time=20.37s ssr=405.28 randi=0.651 nmi=0.471 mae=0.839
  Arbitrary d=105: time=20.38s ssr=318.64 randi=0.745 nmi=0.483 mae=0.756
  Arbitrary d=106: time=21.96s ssr=426.52 randi=0.797 nmi=0.541 mae=0.882
  Arbitrary d=107: time=29.25s ssr=247.97 randi=0.552 nmi=0.364 mae=0.957
  Arbitrary d=108: time=22.82s ssr=612.19 randi=0.779 nmi=0.468 mae=0.753
  Arbitrary d=109: time=20.38s ssr=330.52 randi=0.824 nmi=0.582 mae=0.742
  Arbitrary d=110: time=20.40s ssr=382.58 randi=0.751 nmi=0.562 mae=0.714
  Arbitrary d=111: time=20.58s ssr=910.30 randi=0.524 nmi=0.330 mae=0.897
  Arbitrary d=112: time=19.76s ssr=333.62 randi=0.695 nmi=0.519 mae=0.825
  Arbitrary d=113: time=23.42s ssr=362.82 randi=0.665 nmi=0.385 mae=0.918
  Arbitrary d=114: time=20.83s ssr=462.81 randi=0.796 nmi=0.516 mae=0.581
  Arbitrary d=115: time=22.63s ssr=307.83 randi=0.724 nmi=0.426 mae=0.707
  Arbitrary d=116: time=21.38s ssr=634.76 randi=0.624 nmi=0.437 mae=0.835
  Arbitrary d=117: time=23.10s ssr=393.74 randi=0.821 nmi=0.546 mae=0.629
  Arbitrary d=118: time=21.57s ssr=219.10 randi=0.835 nmi=0.559 mae=0.565
  Arbitrary d=119: time=18.87s ssr=287.89 randi=0.819 nmi=0.540 mae=0.699
  Arbitrary d=120: time=26.02s ssr=345.73 randi=0.713 nmi=0.389 mae=0.897
  Arbitrary d=121: time=18.52s ssr=365.00 randi=0.774 nmi=0.460 mae=1.013
  Arbitrary d=122: time=19.81s ssr=501.55 randi=0.734 nmi=0.484 mae=0.824
  Arbitrary d=123: time=20.52s ssr=360.98 randi=0.758 nmi=0.464 mae=0.846
  Arbitrary d=124: time=19.50s ssr=417.68 randi=0.784 nmi=0.506 mae=0.676
  Arbitrary d=125: time=23.71s ssr=468.74 randi=0.759 nmi=0.489 mae=0.759
  Arbitrary d=126: time=33.50s ssr=436.08 randi=0.745 nmi=0.454 mae=1.002
  Arbitrary d=127: time=34.96s ssr=232.23 randi=0.591 nmi=0.434 mae=0.826
  Arbitrary d=128: time=20.62s ssr=309.52 randi=0.857 nmi=0.602 mae=0.599
  Arbitrary d=129: time=20.24s ssr=643.58 randi=0.692 nmi=0.443 mae=0.845
  Arbitrary d=130: time=20.64s ssr=380.16 randi=0.790 nmi=0.555 mae=0.779
  Arbitrary d=131: time=19.00s ssr=381.62 randi=0.749 nmi=0.507 mae=0.854
  Arbitrary d=132: time=20.20s ssr=463.82 randi=0.735 nmi=0.470 mae=0.632
  Arbitrary d=133: time=22.72s ssr=264.40 randi=0.715 nmi=0.568 mae=0.795
  Arbitrary d=134: time=22.47s ssr=334.08 randi=0.808 nmi=0.525 mae=0.559
  Arbitrary d=135: time=20.89s ssr=879.97 randi=0.650 nmi=0.404 mae=0.919
  Arbitrary d=136: time=22.33s ssr=189.09 randi=0.848 nmi=0.593 mae=0.639
  Arbitrary d=137: time=20.56s ssr=663.63 randi=0.666 nmi=0.376 mae=0.850
  Arbitrary d=138: time=20.33s ssr=321.30 randi=0.726 nmi=0.495 mae=0.792
  Arbitrary d=139: time=22.20s ssr=401.71 randi=0.753 nmi=0.489 mae=0.948
  Arbitrary d=140: time=20.33s ssr=201.18 randi=0.697 nmi=0.493 mae=0.713
  Arbitrary d=141: time=20.00s ssr=211.83 randi=0.747 nmi=0.453 mae=0.732
  Arbitrary d=142: time=23.05s ssr=313.68 randi=0.725 nmi=0.381 mae=0.954
  Arbitrary d=143: time=25.78s ssr=468.09 randi=0.693 nmi=0.431 mae=0.784
  Arbitrary d=144: time=24.48s ssr=253.27 randi=0.761 nmi=0.477 mae=0.673
  Arbitrary d=145: time=22.10s ssr=212.23 randi=0.651 nmi=0.404 mae=0.969
  Arbitrary d=146: time=20.22s ssr=264.47 randi=0.835 nmi=0.594 mae=0.563
  Arbitrary d=147: time=22.63s ssr=352.69 randi=0.717 nmi=0.496 mae=0.865
  Arbitrary d=148: time=20.50s ssr=466.56 randi=0.817 nmi=0.517 mae=0.579
  Arbitrary d=149: time=21.78s ssr=400.07 randi=0.674 nmi=0.461 mae=0.778
=== SKATER-reg done in 3613.2s ===

=== GWR+SKATER ===
  Rectangular d=0: time=42.72s ssr=271.16 randi=0.862 nmi=0.730 mae=0.462
  Rectangular d=1: time=6.52s ssr=128.27 randi=0.874 nmi=0.747 mae=0.388
  Rectangular d=2: time=7.39s ssr=235.61 randi=0.844 nmi=0.642 mae=0.393
  Rectangular d=3: time=7.61s ssr=234.94 randi=0.851 nmi=0.715 mae=0.375
  Rectangular d=4: time=5.96s ssr=81.13 randi=0.847 nmi=0.709 mae=0.383
  Rectangular d=5: time=6.20s ssr=201.70 randi=0.867 nmi=0.718 mae=0.367
  Rectangular d=6: time=6.51s ssr=140.22 randi=0.844 nmi=0.699 mae=0.495
  Rectangular d=7: time=6.58s ssr=284.53 randi=0.877 nmi=0.731 mae=0.446
  Rectangular d=8: time=6.22s ssr=202.55 randi=0.807 nmi=0.698 mae=0.525
  Rectangular d=9: time=6.32s ssr=153.73 randi=0.879 nmi=0.738 mae=0.477
  Rectangular d=10: time=6.49s ssr=380.41 randi=0.531 nmi=0.391 mae=0.886
  Rectangular d=11: time=6.71s ssr=183.03 randi=0.861 nmi=0.728 mae=0.452
  Rectangular d=12: time=6.67s ssr=145.52 randi=0.882 nmi=0.761 mae=0.451
  Rectangular d=13: time=7.10s ssr=333.66 randi=0.871 nmi=0.721 mae=0.494
  Rectangular d=14: time=6.65s ssr=161.10 randi=0.851 nmi=0.738 mae=0.357
  Rectangular d=15: time=6.37s ssr=181.60 randi=0.846 nmi=0.737 mae=0.394
  Rectangular d=16: time=7.08s ssr=133.81 randi=0.758 nmi=0.600 mae=0.443
  Rectangular d=17: time=6.55s ssr=358.70 randi=0.797 nmi=0.644 mae=0.452
  Rectangular d=18: time=6.46s ssr=123.15 randi=0.947 nmi=0.867 mae=0.235
  Rectangular d=19: time=6.41s ssr=276.67 randi=0.795 nmi=0.641 mae=0.603
  Rectangular d=20: time=6.42s ssr=436.67 randi=0.926 nmi=0.802 mae=0.512
  Rectangular d=21: time=6.55s ssr=242.61 randi=0.878 nmi=0.707 mae=0.474
  Rectangular d=22: time=6.34s ssr=278.55 randi=0.842 nmi=0.689 mae=0.441
  Rectangular d=23: time=6.26s ssr=339.32 randi=0.865 nmi=0.751 mae=0.554
  Rectangular d=24: time=6.39s ssr=127.76 randi=0.880 nmi=0.738 mae=0.460
  Rectangular d=25: time=6.35s ssr=387.62 randi=0.856 nmi=0.704 mae=0.667
  Rectangular d=26: time=6.29s ssr=210.30 randi=0.883 nmi=0.767 mae=0.371
  Rectangular d=27: time=6.49s ssr=260.92 randi=0.863 nmi=0.743 mae=0.406
  Rectangular d=28: time=5.93s ssr=232.11 randi=0.881 nmi=0.764 mae=0.433
  Rectangular d=29: time=6.33s ssr=143.94 randi=0.900 nmi=0.749 mae=0.367
  Rectangular d=30: time=6.78s ssr=115.84 randi=0.803 nmi=0.668 mae=0.429
  Rectangular d=31: time=6.26s ssr=166.18 randi=0.901 nmi=0.787 mae=0.344
  Rectangular d=32: time=6.04s ssr=189.44 randi=0.890 nmi=0.737 mae=0.578
  Rectangular d=33: time=6.07s ssr=287.50 randi=0.873 nmi=0.753 mae=0.542
  Rectangular d=34: time=6.34s ssr=153.60 randi=0.863 nmi=0.730 mae=0.341
  Rectangular d=35: time=6.48s ssr=145.42 randi=0.916 nmi=0.785 mae=0.282
  Rectangular d=36: time=6.21s ssr=120.61 randi=0.881 nmi=0.801 mae=0.299
  Rectangular d=37: time=6.32s ssr=160.48 randi=0.835 nmi=0.720 mae=0.389
  Rectangular d=38: time=6.83s ssr=143.89 randi=0.950 nmi=0.869 mae=0.348
  Rectangular d=39: time=6.52s ssr=139.07 randi=0.907 nmi=0.766 mae=0.294
  Rectangular d=40: time=6.50s ssr=173.02 randi=0.877 nmi=0.767 mae=0.344
  Rectangular d=41: time=6.24s ssr=270.19 randi=0.852 nmi=0.711 mae=0.455
  Rectangular d=42: time=6.24s ssr=234.38 randi=0.833 nmi=0.679 mae=0.462
  Rectangular d=43: time=6.26s ssr=135.52 randi=0.870 nmi=0.781 mae=0.393
  Rectangular d=44: time=6.38s ssr=309.82 randi=0.862 nmi=0.709 mae=0.531
  Rectangular d=45: time=6.15s ssr=302.89 randi=0.853 nmi=0.665 mae=0.471
  Rectangular d=46: time=6.52s ssr=263.76 randi=0.922 nmi=0.803 mae=0.450
  Rectangular d=47: time=5.91s ssr=116.72 randi=0.944 nmi=0.857 mae=0.302
  Rectangular d=48: time=6.24s ssr=94.74 randi=0.889 nmi=0.761 mae=0.315
  Rectangular d=49: time=6.58s ssr=371.16 randi=0.850 nmi=0.695 mae=0.563
  Voronoi d=50: time=6.56s ssr=97.67 randi=0.915 nmi=0.805 mae=0.245
  Voronoi d=51: time=6.04s ssr=193.99 randi=0.853 nmi=0.673 mae=0.356
  Voronoi d=52: time=6.24s ssr=369.99 randi=0.894 nmi=0.694 mae=0.453
  Voronoi d=53: time=6.15s ssr=305.98 randi=0.901 nmi=0.714 mae=0.356
  Voronoi d=54: time=6.48s ssr=211.49 randi=0.897 nmi=0.728 mae=0.309
  Voronoi d=55: time=6.24s ssr=178.40 randi=0.890 nmi=0.725 mae=0.369
  Voronoi d=56: time=6.20s ssr=338.15 randi=0.870 nmi=0.675 mae=0.565
  Voronoi d=57: time=6.18s ssr=98.01 randi=0.928 nmi=0.809 mae=0.208
  Voronoi d=58: time=5.93s ssr=140.44 randi=0.905 nmi=0.781 mae=0.301
  Voronoi d=59: time=6.50s ssr=237.00 randi=0.921 nmi=0.769 mae=0.293
  Voronoi d=60: time=6.25s ssr=186.34 randi=0.928 nmi=0.772 mae=0.283
  Voronoi d=61: time=6.33s ssr=257.75 randi=0.817 nmi=0.590 mae=0.501
  Voronoi d=62: time=6.40s ssr=150.91 randi=0.935 nmi=0.792 mae=0.271
  Voronoi d=63: time=6.15s ssr=141.91 randi=0.905 nmi=0.748 mae=0.261
  Voronoi d=64: time=6.04s ssr=119.02 randi=0.950 nmi=0.839 mae=0.223
  Voronoi d=65: time=6.40s ssr=187.62 randi=0.924 nmi=0.758 mae=0.292
  Voronoi d=66: time=5.74s ssr=199.91 randi=0.887 nmi=0.677 mae=0.423
  Voronoi d=67: time=6.55s ssr=311.50 randi=0.899 nmi=0.731 mae=0.379
  Voronoi d=68: time=6.34s ssr=183.40 randi=0.837 nmi=0.624 mae=0.407
  Voronoi d=69: time=6.31s ssr=156.57 randi=0.894 nmi=0.729 mae=0.261
  Voronoi d=70: time=5.87s ssr=253.30 randi=0.819 nmi=0.591 mae=0.537
  Voronoi d=71: time=5.76s ssr=275.81 randi=0.819 nmi=0.615 mae=0.452
  Voronoi d=72: time=5.78s ssr=295.08 randi=0.882 nmi=0.677 mae=0.449
  Voronoi d=73: time=6.43s ssr=142.97 randi=0.923 nmi=0.752 mae=0.275
  Voronoi d=74: time=5.78s ssr=187.43 randi=0.915 nmi=0.757 mae=0.272
  Voronoi d=75: time=6.01s ssr=287.07 randi=0.912 nmi=0.724 mae=0.353
  Voronoi d=76: time=6.29s ssr=249.47 randi=0.934 nmi=0.789 mae=0.316
  Voronoi d=77: time=5.99s ssr=196.16 randi=0.777 nmi=0.625 mae=0.447
  Voronoi d=78: time=6.32s ssr=149.04 randi=0.928 nmi=0.769 mae=0.236
  Voronoi d=79: time=6.20s ssr=155.26 randi=0.907 nmi=0.761 mae=0.251
  Voronoi d=80: time=6.36s ssr=154.76 randi=0.923 nmi=0.747 mae=0.361
  Voronoi d=81: time=6.21s ssr=186.11 randi=0.881 nmi=0.670 mae=0.418
  Voronoi d=82: time=6.04s ssr=177.19 randi=0.863 nmi=0.678 mae=0.455
  Voronoi d=83: time=5.75s ssr=317.90 randi=0.897 nmi=0.693 mae=0.455
  Voronoi d=84: time=6.20s ssr=235.26 randi=0.857 nmi=0.685 mae=0.434
  Voronoi d=85: time=6.57s ssr=239.79 randi=0.786 nmi=0.621 mae=0.513
  Voronoi d=86: time=6.15s ssr=172.72 randi=0.943 nmi=0.807 mae=0.323
  Voronoi d=87: time=6.50s ssr=133.72 randi=0.920 nmi=0.751 mae=0.262
  Voronoi d=88: time=5.83s ssr=284.90 randi=0.854 nmi=0.666 mae=0.460
  Voronoi d=89: time=5.75s ssr=94.41 randi=0.919 nmi=0.731 mae=0.296
  Voronoi d=90: time=5.98s ssr=108.65 randi=0.898 nmi=0.753 mae=0.245
  Voronoi d=91: time=6.39s ssr=207.57 randi=0.865 nmi=0.677 mae=0.425
  Voronoi d=92: time=6.23s ssr=91.58 randi=0.878 nmi=0.717 mae=0.305
  Voronoi d=93: time=6.08s ssr=158.90 randi=0.790 nmi=0.561 mae=0.417
  Voronoi d=94: time=5.69s ssr=137.90 randi=0.951 nmi=0.819 mae=0.338
  Voronoi d=95: time=6.01s ssr=362.35 randi=0.844 nmi=0.649 mae=0.411
  Voronoi d=96: time=5.87s ssr=127.64 randi=0.868 nmi=0.623 mae=0.424
  Voronoi d=97: time=6.52s ssr=141.65 randi=0.893 nmi=0.751 mae=0.283
  Voronoi d=98: time=6.94s ssr=415.92 randi=0.799 nmi=0.617 mae=0.518
  Voronoi d=99: time=6.21s ssr=226.56 randi=0.776 nmi=0.560 mae=0.450
  Arbitrary d=100: time=6.18s ssr=308.23 randi=0.842 nmi=0.627 mae=0.426
  Arbitrary d=101: time=5.58s ssr=87.64 randi=0.817 nmi=0.553 mae=0.414
  Arbitrary d=102: time=5.65s ssr=239.27 randi=0.889 nmi=0.692 mae=0.346
  Arbitrary d=103: time=5.75s ssr=309.38 randi=0.878 nmi=0.652 mae=0.471
  Arbitrary d=104: time=6.32s ssr=247.10 randi=0.870 nmi=0.660 mae=0.444
  Arbitrary d=105: time=5.97s ssr=222.82 randi=0.865 nmi=0.626 mae=0.462
  Arbitrary d=106: time=6.04s ssr=338.48 randi=0.891 nmi=0.660 mae=0.525
  Arbitrary d=107: time=6.59s ssr=230.21 randi=0.795 nmi=0.571 mae=0.569
  Arbitrary d=108: time=6.19s ssr=477.28 randi=0.809 nmi=0.579 mae=0.503
  Arbitrary d=109: time=6.12s ssr=233.76 randi=0.913 nmi=0.743 mae=0.267
  Arbitrary d=110: time=6.10s ssr=297.79 randi=0.897 nmi=0.707 mae=0.470
  Arbitrary d=111: time=6.29s ssr=704.61 randi=0.817 nmi=0.575 mae=0.615
  Arbitrary d=112: time=5.70s ssr=247.45 randi=0.855 nmi=0.669 mae=0.477
  Arbitrary d=113: time=6.25s ssr=268.53 randi=0.871 nmi=0.636 mae=0.498
  Arbitrary d=114: time=6.31s ssr=356.13 randi=0.873 nmi=0.613 mae=0.417
  Arbitrary d=115: time=6.03s ssr=231.43 randi=0.809 nmi=0.569 mae=0.473
  Arbitrary d=116: time=6.30s ssr=358.39 randi=0.849 nmi=0.653 mae=0.500
  Arbitrary d=117: time=6.16s ssr=353.72 randi=0.862 nmi=0.633 mae=0.491
  Arbitrary d=118: time=6.33s ssr=179.50 randi=0.879 nmi=0.628 mae=0.412
  Arbitrary d=119: time=5.97s ssr=336.49 randi=0.742 nmi=0.477 mae=0.554
  Arbitrary d=120: time=5.72s ssr=218.29 randi=0.862 nmi=0.611 mae=0.532
  Arbitrary d=121: time=5.90s ssr=206.93 randi=0.886 nmi=0.657 mae=0.449
  Arbitrary d=122: time=5.92s ssr=328.79 randi=0.850 nmi=0.595 mae=0.493
  Arbitrary d=123: time=6.77s ssr=222.41 randi=0.882 nmi=0.665 mae=0.456
  Arbitrary d=124: time=6.08s ssr=287.76 randi=0.863 nmi=0.605 mae=0.452
  Arbitrary d=125: time=6.24s ssr=321.34 randi=0.897 nmi=0.707 mae=0.402
  Arbitrary d=126: time=6.25s ssr=389.94 randi=0.814 nmi=0.563 mae=0.629
  Arbitrary d=127: time=6.05s ssr=160.87 randi=0.843 nmi=0.606 mae=0.557
  Arbitrary d=128: time=5.89s ssr=266.38 randi=0.902 nmi=0.705 mae=0.395
  Arbitrary d=129: time=6.17s ssr=440.42 randi=0.849 nmi=0.616 mae=0.591
  Arbitrary d=130: time=5.91s ssr=265.89 randi=0.812 nmi=0.606 mae=0.544
  Arbitrary d=131: time=6.36s ssr=405.38 randi=0.806 nmi=0.527 mae=0.617
  Arbitrary d=132: time=6.29s ssr=394.15 randi=0.801 nmi=0.599 mae=0.528
  Arbitrary d=133: time=6.10s ssr=250.17 randi=0.848 nmi=0.590 mae=0.524
  Arbitrary d=134: time=6.67s ssr=211.85 randi=0.871 nmi=0.674 mae=0.357
  Arbitrary d=135: time=6.19s ssr=507.73 randi=0.877 nmi=0.648 mae=0.540
  Arbitrary d=136: time=5.65s ssr=134.60 randi=0.834 nmi=0.625 mae=0.472
  Arbitrary d=137: time=6.26s ssr=358.78 randi=0.850 nmi=0.625 mae=0.476
  Arbitrary d=138: time=6.28s ssr=305.55 randi=0.899 nmi=0.704 mae=0.448
  Arbitrary d=139: time=6.50s ssr=380.73 randi=0.827 nmi=0.627 mae=0.491
  Arbitrary d=140: time=6.52s ssr=147.81 randi=0.827 nmi=0.622 mae=0.461
  Arbitrary d=141: time=6.11s ssr=146.51 randi=0.785 nmi=0.519 mae=0.495
  Arbitrary d=142: time=5.54s ssr=229.82 randi=0.860 nmi=0.625 mae=0.520
  Arbitrary d=143: time=6.04s ssr=448.04 randi=0.797 nmi=0.552 mae=0.707
  Arbitrary d=144: time=6.16s ssr=155.65 randi=0.838 nmi=0.599 mae=0.474
  Arbitrary d=145: time=6.25s ssr=148.54 randi=0.873 nmi=0.623 mae=0.578
  Arbitrary d=146: time=6.35s ssr=188.14 randi=0.861 nmi=0.658 mae=0.376
  Arbitrary d=147: time=6.12s ssr=294.42 randi=0.879 nmi=0.674 mae=0.420
  Arbitrary d=148: time=6.35s ssr=348.08 randi=0.822 nmi=0.584 mae=0.602
  Arbitrary d=149: time=6.06s ssr=233.83 randi=0.877 nmi=0.643 mae=0.427
=== GWR+SKATER done in 985.1s ===

=== SHAP-based ===
  Rectangular d=0: time=9.37s ssr=74.62 randi=0.959 nmi=0.873 mae=0.144
  Rectangular d=1: time=5.22s ssr=63.72 randi=0.909 nmi=0.788 mae=0.226
  Rectangular d=2: time=5.02s ssr=55.99 randi=0.979 nmi=0.922 mae=0.073
  Rectangular d=3: time=6.69s ssr=66.24 randi=0.951 nmi=0.866 mae=0.131
  Rectangular d=4: time=8.62s ssr=66.31 randi=0.808 nmi=0.595 mae=0.432
  Rectangular d=5: time=5.21s ssr=59.24 randi=0.964 nmi=0.887 mae=0.130
  Rectangular d=6: time=5.87s ssr=59.62 randi=0.929 nmi=0.786 mae=0.199
  Rectangular d=7: time=5.58s ssr=66.15 randi=0.978 nmi=0.919 mae=0.147
  Rectangular d=8: time=5.87s ssr=70.27 randi=0.923 nmi=0.784 mae=0.297
  Rectangular d=9: time=5.71s ssr=83.44 randi=0.966 nmi=0.888 mae=0.270
  Rectangular d=10: time=7.08s ssr=60.12 randi=0.973 nmi=0.901 mae=0.174
  Rectangular d=11: time=5.83s ssr=109.40 randi=0.908 nmi=0.757 mae=0.473
  Rectangular d=12: time=6.23s ssr=86.98 randi=0.941 nmi=0.814 mae=0.320
  Rectangular d=13: time=5.79s ssr=66.19 randi=0.976 nmi=0.910 mae=0.113
  Rectangular d=14: time=5.90s ssr=90.22 randi=0.861 nmi=0.755 mae=0.384
  Rectangular d=15: time=5.98s ssr=60.37 randi=0.958 nmi=0.868 mae=0.204
  Rectangular d=16: time=7.26s ssr=74.40 randi=0.898 nmi=0.748 mae=0.347
  Rectangular d=17: time=5.32s ssr=72.12 randi=0.979 nmi=0.922 mae=0.085
  Rectangular d=18: time=6.15s ssr=113.22 randi=0.845 nmi=0.665 mae=0.622
  Rectangular d=19: time=5.25s ssr=64.48 randi=0.913 nmi=0.824 mae=0.273
  Rectangular d=20: time=4.96s ssr=51.87 randi=0.972 nmi=0.918 mae=0.145
  Rectangular d=21: time=5.11s ssr=62.28 randi=0.913 nmi=0.827 mae=0.224
  Rectangular d=22: time=5.18s ssr=60.83 randi=0.978 nmi=0.922 mae=0.091
  Rectangular d=23: time=5.03s ssr=60.21 randi=0.972 nmi=0.909 mae=0.182
  Rectangular d=24: time=7.21s ssr=53.40 randi=0.933 nmi=0.792 mae=0.209
  Rectangular d=25: time=5.65s ssr=50.27 randi=0.977 nmi=0.929 mae=0.085
  Rectangular d=26: time=5.74s ssr=57.25 randi=0.981 nmi=0.931 mae=0.092
  Rectangular d=27: time=4.86s ssr=56.67 randi=0.995 nmi=0.978 mae=0.065
  Rectangular d=28: time=5.42s ssr=68.41 randi=0.980 nmi=0.932 mae=0.162
  Rectangular d=29: time=6.68s ssr=99.08 randi=0.867 nmi=0.762 mae=0.512
  Rectangular d=30: time=8.19s ssr=88.17 randi=0.833 nmi=0.644 mae=0.466
  Rectangular d=31: time=6.06s ssr=69.44 randi=0.918 nmi=0.801 mae=0.230
  Rectangular d=32: time=6.68s ssr=85.97 randi=0.852 nmi=0.737 mae=0.394
  Rectangular d=33: time=5.00s ssr=50.73 randi=0.981 nmi=0.939 mae=0.085
  Rectangular d=34: time=6.57s ssr=61.26 randi=0.927 nmi=0.819 mae=0.242
  Rectangular d=35: time=5.32s ssr=54.54 randi=0.931 nmi=0.862 mae=0.215
  Rectangular d=36: time=4.64s ssr=69.21 randi=0.905 nmi=0.832 mae=0.274
  Rectangular d=37: time=6.14s ssr=62.37 randi=0.919 nmi=0.791 mae=0.225
  Rectangular d=38: time=6.04s ssr=96.39 randi=0.844 nmi=0.714 mae=0.491
  Rectangular d=39: time=5.17s ssr=67.89 randi=0.908 nmi=0.793 mae=0.276
  Rectangular d=40: time=5.77s ssr=60.46 randi=0.963 nmi=0.886 mae=0.104
  Rectangular d=41: time=4.54s ssr=50.41 randi=0.995 nmi=0.978 mae=0.080
  Rectangular d=42: time=5.01s ssr=62.79 randi=0.980 nmi=0.924 mae=0.132
  Rectangular d=43: time=5.64s ssr=52.88 randi=0.975 nmi=0.914 mae=0.088
  Rectangular d=44: time=5.39s ssr=69.52 randi=0.964 nmi=0.888 mae=0.249
  Rectangular d=45: time=4.53s ssr=58.66 randi=0.973 nmi=0.905 mae=0.143
  Rectangular d=46: time=4.62s ssr=64.68 randi=0.989 nmi=0.957 mae=0.076
  Rectangular d=47: time=5.33s ssr=70.49 randi=0.944 nmi=0.816 mae=0.266
  Rectangular d=48: time=5.75s ssr=62.40 randi=0.905 nmi=0.739 mae=0.291
  Rectangular d=49: time=4.86s ssr=56.13 randi=0.987 nmi=0.948 mae=0.109
  Voronoi d=50: time=6.85s ssr=64.92 randi=0.951 nmi=0.862 mae=0.180
  Voronoi d=51: time=6.41s ssr=65.07 randi=0.981 nmi=0.908 mae=0.125
  Voronoi d=52: time=5.03s ssr=60.72 randi=0.978 nmi=0.921 mae=0.140
  Voronoi d=53: time=5.08s ssr=63.02 randi=0.977 nmi=0.908 mae=0.102
  Voronoi d=54: time=5.21s ssr=91.35 randi=0.964 nmi=0.888 mae=0.133
  Voronoi d=55: time=6.22s ssr=58.53 randi=0.936 nmi=0.839 mae=0.205
  Voronoi d=56: time=6.42s ssr=71.70 randi=0.955 nmi=0.852 mae=0.159
  Voronoi d=57: time=6.16s ssr=52.88 randi=0.955 nmi=0.866 mae=0.119
  Voronoi d=58: time=6.35s ssr=68.44 randi=0.958 nmi=0.850 mae=0.156
  Voronoi d=59: time=5.41s ssr=55.66 randi=0.986 nmi=0.937 mae=0.100
  Voronoi d=60: time=5.69s ssr=70.56 randi=0.981 nmi=0.929 mae=0.138
  Voronoi d=61: time=5.22s ssr=57.64 randi=0.983 nmi=0.933 mae=0.111
  Voronoi d=62: time=5.62s ssr=59.74 randi=0.965 nmi=0.896 mae=0.156
  Voronoi d=63: time=6.44s ssr=85.96 randi=0.945 nmi=0.823 mae=0.208
  Voronoi d=64: time=5.29s ssr=64.42 randi=0.976 nmi=0.899 mae=0.130
  Voronoi d=65: time=5.38s ssr=67.03 randi=0.968 nmi=0.888 mae=0.151
  Voronoi d=66: time=6.24s ssr=64.48 randi=0.970 nmi=0.902 mae=0.135
  Voronoi d=67: time=4.79s ssr=50.69 randi=0.987 nmi=0.957 mae=0.068
  Voronoi d=68: time=6.57s ssr=55.46 randi=0.958 nmi=0.859 mae=0.119
  Voronoi d=69: time=5.79s ssr=84.10 randi=0.882 nmi=0.759 mae=0.329
  Voronoi d=70: time=5.87s ssr=58.31 randi=0.963 nmi=0.881 mae=0.161
  Voronoi d=71: time=6.25s ssr=75.32 randi=0.902 nmi=0.759 mae=0.231
  Voronoi d=72: time=4.98s ssr=50.78 randi=0.982 nmi=0.932 mae=0.099
  Voronoi d=73: time=5.81s ssr=63.55 randi=0.954 nmi=0.865 mae=0.135
  Voronoi d=74: time=6.29s ssr=72.00 randi=0.966 nmi=0.874 mae=0.108
  Voronoi d=75: time=5.22s ssr=78.82 randi=0.980 nmi=0.919 mae=0.102
  Voronoi d=76: time=5.72s ssr=53.87 randi=0.987 nmi=0.949 mae=0.075
  Voronoi d=77: time=5.88s ssr=63.33 randi=0.977 nmi=0.881 mae=0.187
  Voronoi d=78: time=5.29s ssr=59.75 randi=0.972 nmi=0.894 mae=0.108
  Voronoi d=79: time=5.86s ssr=57.09 randi=0.959 nmi=0.884 mae=0.114
  Voronoi d=80: time=7.00s ssr=90.82 randi=0.928 nmi=0.790 mae=0.292
  Voronoi d=81: time=5.85s ssr=60.67 randi=0.935 nmi=0.838 mae=0.223
  Voronoi d=82: time=5.54s ssr=56.04 randi=0.925 nmi=0.788 mae=0.204
  Voronoi d=83: time=5.27s ssr=69.66 randi=0.971 nmi=0.898 mae=0.174
  Voronoi d=84: time=5.85s ssr=76.45 randi=0.826 nmi=0.692 mae=0.352
  Voronoi d=85: time=5.93s ssr=69.37 randi=0.957 nmi=0.872 mae=0.194
  Voronoi d=86: time=5.77s ssr=55.44 randi=0.979 nmi=0.926 mae=0.111
  Voronoi d=87: time=5.92s ssr=51.77 randi=0.935 nmi=0.809 mae=0.166
  Voronoi d=88: time=5.15s ssr=61.03 randi=0.976 nmi=0.917 mae=0.142
  Voronoi d=89: time=6.42s ssr=69.38 randi=0.928 nmi=0.772 mae=0.276
  Voronoi d=90: time=5.94s ssr=55.68 randi=0.972 nmi=0.892 mae=0.110
  Voronoi d=91: time=6.18s ssr=73.08 randi=0.959 nmi=0.869 mae=0.183
  Voronoi d=92: time=8.09s ssr=74.83 randi=0.908 nmi=0.728 mae=0.287
  Voronoi d=93: time=5.91s ssr=59.27 randi=0.931 nmi=0.817 mae=0.130
  Voronoi d=94: time=6.11s ssr=87.79 randi=0.946 nmi=0.814 mae=0.259
  Voronoi d=95: time=5.27s ssr=57.23 randi=0.989 nmi=0.966 mae=0.062
  Voronoi d=96: time=7.49s ssr=76.07 randi=0.940 nmi=0.789 mae=0.222
  Voronoi d=97: time=5.30s ssr=65.33 randi=0.934 nmi=0.795 mae=0.222
  Voronoi d=98: time=5.69s ssr=62.55 randi=0.964 nmi=0.902 mae=0.097
  Voronoi d=99: time=5.48s ssr=62.63 randi=0.950 nmi=0.860 mae=0.157
  Arbitrary d=100: time=5.64s ssr=72.42 randi=0.975 nmi=0.885 mae=0.197
  Arbitrary d=101: time=8.11s ssr=63.01 randi=0.907 nmi=0.712 mae=0.249
  Arbitrary d=102: time=6.05s ssr=76.71 randi=0.904 nmi=0.742 mae=0.240
  Arbitrary d=103: time=6.58s ssr=96.92 randi=0.949 nmi=0.833 mae=0.311
  Arbitrary d=104: time=5.69s ssr=73.38 randi=0.933 nmi=0.800 mae=0.191
  Arbitrary d=105: time=6.49s ssr=84.64 randi=0.904 nmi=0.729 mae=0.298
  Arbitrary d=106: time=5.58s ssr=68.76 randi=0.965 nmi=0.868 mae=0.185
  Arbitrary d=107: time=7.03s ssr=96.78 randi=0.890 nmi=0.686 mae=0.359
  Arbitrary d=108: time=5.88s ssr=57.77 randi=0.974 nmi=0.909 mae=0.101
  Arbitrary d=109: time=4.97s ssr=65.80 randi=0.968 nmi=0.887 mae=0.162
  Arbitrary d=110: time=5.26s ssr=65.49 randi=0.957 nmi=0.861 mae=0.198
  Arbitrary d=111: time=5.14s ssr=74.78 randi=0.984 nmi=0.933 mae=0.133
  Arbitrary d=112: time=5.70s ssr=71.89 randi=0.940 nmi=0.807 mae=0.255
  Arbitrary d=113: time=5.65s ssr=70.26 randi=0.932 nmi=0.791 mae=0.282
  Arbitrary d=114: time=5.20s ssr=76.81 randi=0.899 nmi=0.776 mae=0.226
  Arbitrary d=115: time=5.65s ssr=82.44 randi=0.924 nmi=0.770 mae=0.217
  Arbitrary d=116: time=5.94s ssr=62.84 randi=0.962 nmi=0.881 mae=0.156
  Arbitrary d=117: time=5.10s ssr=66.06 randi=0.950 nmi=0.848 mae=0.175
  Arbitrary d=118: time=6.88s ssr=80.11 randi=0.892 nmi=0.749 mae=0.303
  Arbitrary d=119: time=7.03s ssr=109.03 randi=0.937 nmi=0.790 mae=0.226
  Arbitrary d=120: time=5.70s ssr=91.20 randi=0.838 nmi=0.680 mae=0.427
  Arbitrary d=121: time=6.24s ssr=102.14 randi=0.913 nmi=0.757 mae=0.396
  Arbitrary d=122: time=5.41s ssr=74.93 randi=0.940 nmi=0.821 mae=0.187
  Arbitrary d=123: time=6.49s ssr=91.34 randi=0.861 nmi=0.724 mae=0.386
  Arbitrary d=124: time=5.56s ssr=88.77 randi=0.915 nmi=0.789 mae=0.336
  Arbitrary d=125: time=5.19s ssr=99.39 randi=0.951 nmi=0.830 mae=0.225
  Arbitrary d=126: time=5.93s ssr=76.46 randi=0.912 nmi=0.775 mae=0.315
  Arbitrary d=127: time=8.30s ssr=79.47 randi=0.931 nmi=0.781 mae=0.292
  Arbitrary d=128: time=5.79s ssr=75.97 randi=0.932 nmi=0.790 mae=0.212
  Arbitrary d=129: time=5.12s ssr=134.17 randi=0.872 nmi=0.791 mae=0.409
  Arbitrary d=130: time=6.03s ssr=96.50 randi=0.925 nmi=0.760 mae=0.265
  Arbitrary d=131: time=6.31s ssr=71.81 randi=0.941 nmi=0.829 mae=0.162
  Arbitrary d=132: time=4.92s ssr=92.66 randi=0.889 nmi=0.799 mae=0.291
  Arbitrary d=133: time=6.22s ssr=115.66 randi=0.860 nmi=0.700 mae=0.515
  Arbitrary d=134: time=5.37s ssr=81.62 randi=0.941 nmi=0.830 mae=0.194
  Arbitrary d=135: time=6.43s ssr=107.90 randi=0.934 nmi=0.798 mae=0.240
  Arbitrary d=136: time=7.40s ssr=83.16 randi=0.944 nmi=0.801 mae=0.254
  Arbitrary d=137: time=5.54s ssr=70.14 randi=0.956 nmi=0.853 mae=0.164
  Arbitrary d=138: time=5.75s ssr=106.17 randi=0.939 nmi=0.811 mae=0.303
  Arbitrary d=139: time=5.54s ssr=118.28 randi=0.882 nmi=0.736 mae=0.528
  Arbitrary d=140: time=7.46s ssr=81.93 randi=0.874 nmi=0.762 mae=0.357
  Arbitrary d=141: time=6.54s ssr=74.29 randi=0.884 nmi=0.685 mae=0.295
  Arbitrary d=142: time=7.29s ssr=82.51 randi=0.914 nmi=0.745 mae=0.346
  Arbitrary d=143: time=7.29s ssr=79.65 randi=0.963 nmi=0.860 mae=0.181
  Arbitrary d=144: time=6.29s ssr=79.48 randi=0.892 nmi=0.709 mae=0.300
  Arbitrary d=145: time=6.87s ssr=135.07 randi=0.865 nmi=0.632 mae=0.662
  Arbitrary d=146: time=5.20s ssr=67.10 randi=0.965 nmi=0.878 mae=0.134
  Arbitrary d=147: time=6.58s ssr=88.37 randi=0.920 nmi=0.756 mae=0.269
  Arbitrary d=148: time=5.36s ssr=70.96 randi=0.897 nmi=0.783 mae=0.309
  Arbitrary d=149: time=5.51s ssr=105.79 randi=0.942 nmi=0.816 mae=0.318
=== SHAP-based done in 896.1s ===

Aggregating per-pattern averages...
Saved: <path>\simulation_study\results\baseline_per_pattern.csv
Total elapsed: 5761.7s
